{"level":"info","message":"GET / - 2024-11-07T10:43:38.714Z","timestamp":"2024-11-07T10:43:38.715Z"}
{"level":"info","message":"GET /images/electronics - 2024-11-07T10:43:38.824Z","timestamp":"2024-11-07T10:43:38.824Z"}
{"level":"info","message":"GET /styles.css - 2024-11-07T10:43:38.827Z","timestamp":"2024-11-07T10:43:38.827Z"}
{"level":"info","message":"GET /images/jewelery - 2024-11-07T10:43:38.829Z","timestamp":"2024-11-07T10:43:38.829Z"}
{"level":"info","message":"GET /images/men's%20clothing - 2024-11-07T10:43:38.837Z","timestamp":"2024-11-07T10:43:38.837Z"}
{"level":"info","message":"GET /images/women's%20clothing - 2024-11-07T10:43:38.841Z","timestamp":"2024-11-07T10:43:38.841Z"}
{"level":"info","message":"GET /categoria/electronics - 2024-11-07T10:43:48.987Z","timestamp":"2024-11-07T10:43:48.987Z"}
{"level":"info","message":"GET /styles.css - 2024-11-07T10:43:49.078Z","timestamp":"2024-11-07T10:43:49.078Z"}
{"level":"info","message":"GET /detalles/6716188faeefa643f1858261 - 2024-11-07T10:43:50.404Z","timestamp":"2024-11-07T10:43:50.404Z"}
{"level":"info","message":"GET /styles.css - 2024-11-07T10:43:50.464Z","timestamp":"2024-11-07T10:43:50.464Z"}
{"level":"info","message":"GET /detalles/6716188faeefa643f1858262 - 2024-11-07T10:45:20.383Z","timestamp":"2024-11-07T10:45:20.383Z"}
{"level":"info","message":"GET /styles.css - 2024-11-07T10:45:20.441Z","timestamp":"2024-11-07T10:45:20.441Z"}
{"level":"info","message":"POST /carrito/agregar - 2024-11-07T10:45:21.616Z","timestamp":"2024-11-07T10:45:21.616Z"}
{"level":"info","message":"GET /carrito - 2024-11-07T10:45:21.643Z","timestamp":"2024-11-07T10:45:21.643Z"}
{"level":"info","message":"GET /styles.css - 2024-11-07T10:45:21.781Z","timestamp":"2024-11-07T10:45:21.782Z"}
{"level":"info","message":"GET /detalles/6716188faeefa643f1858261 - 2024-11-07T10:45:33.521Z","timestamp":"2024-11-07T10:45:33.521Z"}
{"level":"info","message":"GET /styles.css - 2024-11-07T10:45:33.564Z","timestamp":"2024-11-07T10:45:33.564Z"}
{"level":"info","message":"GET /api/ratings - 2024-11-07T10:49:55.988Z","timestamp":"2024-11-07T10:49:55.988Z"}
{"level":"info","message":"GET /api/ratings/6719f538fdfbd218f753f044 - 2024-11-07T10:50:04.203Z","timestamp":"2024-11-07T10:50:04.203Z"}
{"level":"info","message":"GET /api/ratings/6716188faeefa643f1858259 - 2024-11-07T10:50:29.814Z","timestamp":"2024-11-07T10:50:29.814Z"}
{"level":"info","message":"POST /api/ratings/6716188faeefa643f1858259 - 2024-11-07T10:50:47.917Z","timestamp":"2024-11-07T10:50:47.918Z"}
{"level":"info","message":"GET /api/ratings/6716188faeefa643f1858259 - 2024-11-07T10:50:50.452Z","timestamp":"2024-11-07T10:50:50.452Z"}
{"level":"info","message":"GET /detalles/6716188faeefa643f1858262 - 2024-11-07T10:51:15.576Z","timestamp":"2024-11-07T10:51:15.576Z"}
{"level":"info","message":"GET /styles.css - 2024-11-07T10:51:15.648Z","timestamp":"2024-11-07T10:51:15.648Z"}
{"level":"info","message":"GET /detalles/6716188faeefa643f1858261 - 2024-11-07T10:51:24.436Z","timestamp":"2024-11-07T10:51:24.436Z"}
{"level":"info","message":"GET /styles.css - 2024-11-07T10:51:24.480Z","timestamp":"2024-11-07T10:51:24.480Z"}
{"level":"info","message":"GET /api/ratings - 2024-11-07T10:57:20.183Z","timestamp":"2024-11-07T10:57:20.184Z"}
{"level":"info","message":"GET /api/ratings/6716188faeefa643f1858259 - 2024-11-07T10:57:22.014Z","timestamp":"2024-11-07T10:57:22.014Z"}
{"level":"info","message":"POST /api/ratings/6716188faeefa643f1858259 - 2024-11-07T10:57:25.173Z","timestamp":"2024-11-07T10:57:25.173Z"}
{"level":"info","message":"GET / - 2024-11-21T07:50:32.280Z","timestamp":"2024-11-21T07:50:32.281Z"}
{"level":"info","message":"GET /styles.css - 2024-11-21T07:50:32.386Z","timestamp":"2024-11-21T07:50:32.386Z"}
{"level":"info","message":"GET /images/electronics - 2024-11-21T07:50:32.387Z","timestamp":"2024-11-21T07:50:32.387Z"}
{"level":"info","message":"GET /images/jewelery - 2024-11-21T07:50:32.390Z","timestamp":"2024-11-21T07:50:32.390Z"}
{"level":"info","message":"GET /images/men's%20clothing - 2024-11-21T07:50:32.399Z","timestamp":"2024-11-21T07:50:32.399Z"}
{"level":"info","message":"GET /images/women's%20clothing - 2024-11-21T07:50:32.400Z","timestamp":"2024-11-21T07:50:32.400Z"}
{"level":"info","message":"GET /favicon.ico - 2024-11-21T07:50:32.856Z","timestamp":"2024-11-21T07:50:32.856Z"}
{"level":"info","message":"PUT /api/ratings/6716188faeefa643f1858259 - 2024-11-21T07:50:37.281Z","timestamp":"2024-11-21T07:50:37.281Z"}
{"level":"info","message":"GET /api/ratings/6716188faeefa643f1858259 - 2024-11-21T07:50:47.778Z","timestamp":"2024-11-21T07:50:47.779Z"}
{"level":"info","message":"GET /api/ratings/6716188faeefa643f1858259 - 2024-11-21T07:50:57.445Z","timestamp":"2024-11-21T07:50:57.445Z"}
{"level":"info","message":"PUT /api/ratings/6716188faeefa643f1858259 - 2024-11-21T07:51:01.825Z","timestamp":"2024-11-21T07:51:01.825Z"}
{"level":"info","message":"GET /api/ratings/6716188faeefa643f1858259 - 2024-11-21T07:51:04.554Z","timestamp":"2024-11-21T07:51:04.554Z"}
{"level":"info","message":"PUT /api/ratings/6716188faeefa643f1858259 - 2024-11-21T07:51:11.851Z","timestamp":"2024-11-21T07:51:11.851Z"}
{"level":"info","message":"GET /api/ratings/6716188faeefa643f1858259 - 2024-11-21T08:07:45.834Z","timestamp":"2024-11-21T08:07:45.835Z"}
{"level":"info","message":"GET /api/ratings/6716188faeefa643f18582 - 2024-11-21T08:08:36.434Z","timestamp":"2024-11-21T08:08:36.434Z"}
{"level":"info","message":"GET /api/ratings/6716188faeefa643f1858259 - 2024-11-21T08:13:20.103Z","timestamp":"2024-11-21T08:13:20.104Z"}
{"level":"info","message":"GET /api/ratings/6716188faeefa643f18582 - 2024-11-21T08:13:23.520Z","timestamp":"2024-11-21T08:13:23.520Z"}
{"level":"info","message":"GET /api/ratings/6716188faeefa643f1858259 - 2024-11-21T08:14:04.477Z","timestamp":"2024-11-21T08:14:04.478Z"}
{"level":"info","message":"GET /api/ratings/6716188faeefa643f185825 - 2024-11-21T08:14:08.630Z","timestamp":"2024-11-21T08:14:08.630Z"}
2024-11-21T08:14:08.637Z error: Error al obtener ratings Cast to ObjectId failed for value "6716188faeefa643f185825" (type string) at path "_id" for model "productos"
2024-11-21T08:22:29.220Z info: PUT /api/ratings/6716188faeefa643f1858259 - 2024-11-21T08:22:29.219Z
2024-11-21T08:22:34.126Z info: GET /api/ratings/6716188faeefa643f185825 - 2024-11-21T08:22:34.126Z
2024-11-21T08:23:30.374Z info: GET /api/ratings/6716188faeefa643f185825 - 2024-11-21T08:23:30.373Z
2024-11-21T08:26:25.165Z info: GET /api/ratings - 2024-11-21T08:26:25.163Z
2024-11-21T08:26:27.644Z info: PUT /api/ratings/6716188faeefa643f1858259 - 2024-11-21T08:26:27.644Z
2024-11-21T08:26:33.494Z info: GET /api/ratings/6716188faeefa643f1858259 - 2024-11-21T08:26:33.494Z
2024-11-21T08:26:36.881Z info: GET /api/ratings/6716188faeefa643f185825 - 2024-11-21T08:26:36.881Z
2024-11-21T08:26:36.887Z error: Error al obtener ratings Cast to ObjectId failed for value "6716188faeefa643f185825" (type string) at path "_id" for model "productos"
2024-11-21T08:27:01.090Z info: GET /api/ratings/6716188faeefa643f185825 - 2024-11-21T08:27:01.089Z
2024-11-21T08:27:01.111Z error: Error al obtener ratings Cast to ObjectId failed for value "6716188faeefa643f185825" (type string) at path "_id" for model "productos"
