{"level":"info","message":"GET / - 2024-11-07T10:43:38.714Z","timestamp":"2024-11-07T10:43:38.715Z"}
{"level":"info","message":"GET /images/electronics - 2024-11-07T10:43:38.824Z","timestamp":"2024-11-07T10:43:38.824Z"}
{"level":"info","message":"GET /styles.css - 2024-11-07T10:43:38.827Z","timestamp":"2024-11-07T10:43:38.827Z"}
{"level":"info","message":"GET /images/jewelery - 2024-11-07T10:43:38.829Z","timestamp":"2024-11-07T10:43:38.829Z"}
{"level":"info","message":"GET /images/men's%20clothing - 2024-11-07T10:43:38.837Z","timestamp":"2024-11-07T10:43:38.837Z"}
{"level":"info","message":"GET /images/women's%20clothing - 2024-11-07T10:43:38.841Z","timestamp":"2024-11-07T10:43:38.841Z"}
{"level":"info","message":"GET /categoria/electronics - 2024-11-07T10:43:48.987Z","timestamp":"2024-11-07T10:43:48.987Z"}
{"level":"info","message":"GET /styles.css - 2024-11-07T10:43:49.078Z","timestamp":"2024-11-07T10:43:49.078Z"}
{"level":"info","message":"GET /detalles/6716188faeefa643f1858261 - 2024-11-07T10:43:50.404Z","timestamp":"2024-11-07T10:43:50.404Z"}
{"level":"info","message":"GET /styles.css - 2024-11-07T10:43:50.464Z","timestamp":"2024-11-07T10:43:50.464Z"}
{"level":"info","message":"GET /detalles/6716188faeefa643f1858262 - 2024-11-07T10:45:20.383Z","timestamp":"2024-11-07T10:45:20.383Z"}
{"level":"info","message":"GET /styles.css - 2024-11-07T10:45:20.441Z","timestamp":"2024-11-07T10:45:20.441Z"}
{"level":"info","message":"POST /carrito/agregar - 2024-11-07T10:45:21.616Z","timestamp":"2024-11-07T10:45:21.616Z"}
{"level":"info","message":"GET /carrito - 2024-11-07T10:45:21.643Z","timestamp":"2024-11-07T10:45:21.643Z"}
{"level":"info","message":"GET /styles.css - 2024-11-07T10:45:21.781Z","timestamp":"2024-11-07T10:45:21.782Z"}
{"level":"info","message":"GET /detalles/6716188faeefa643f1858261 - 2024-11-07T10:45:33.521Z","timestamp":"2024-11-07T10:45:33.521Z"}
{"level":"info","message":"GET /styles.css - 2024-11-07T10:45:33.564Z","timestamp":"2024-11-07T10:45:33.564Z"}
{"level":"info","message":"GET /api/ratings - 2024-11-07T10:49:55.988Z","timestamp":"2024-11-07T10:49:55.988Z"}
{"level":"info","message":"GET /api/ratings/6719f538fdfbd218f753f044 - 2024-11-07T10:50:04.203Z","timestamp":"2024-11-07T10:50:04.203Z"}
{"level":"info","message":"GET /api/ratings/6716188faeefa643f1858259 - 2024-11-07T10:50:29.814Z","timestamp":"2024-11-07T10:50:29.814Z"}
{"level":"info","message":"POST /api/ratings/6716188faeefa643f1858259 - 2024-11-07T10:50:47.917Z","timestamp":"2024-11-07T10:50:47.918Z"}
{"level":"info","message":"GET /api/ratings/6716188faeefa643f1858259 - 2024-11-07T10:50:50.452Z","timestamp":"2024-11-07T10:50:50.452Z"}
{"level":"info","message":"GET /detalles/6716188faeefa643f1858262 - 2024-11-07T10:51:15.576Z","timestamp":"2024-11-07T10:51:15.576Z"}
{"level":"info","message":"GET /styles.css - 2024-11-07T10:51:15.648Z","timestamp":"2024-11-07T10:51:15.648Z"}
{"level":"info","message":"GET /detalles/6716188faeefa643f1858261 - 2024-11-07T10:51:24.436Z","timestamp":"2024-11-07T10:51:24.436Z"}
{"level":"info","message":"GET /styles.css - 2024-11-07T10:51:24.480Z","timestamp":"2024-11-07T10:51:24.480Z"}
{"level":"info","message":"GET /api/ratings - 2024-11-07T10:57:20.183Z","timestamp":"2024-11-07T10:57:20.184Z"}
{"level":"info","message":"GET /api/ratings/6716188faeefa643f1858259 - 2024-11-07T10:57:22.014Z","timestamp":"2024-11-07T10:57:22.014Z"}
{"level":"info","message":"POST /api/ratings/6716188faeefa643f1858259 - 2024-11-07T10:57:25.173Z","timestamp":"2024-11-07T10:57:25.173Z"}
{"level":"info","message":"GET / - 2024-11-21T07:50:32.280Z","timestamp":"2024-11-21T07:50:32.281Z"}
{"level":"info","message":"GET /styles.css - 2024-11-21T07:50:32.386Z","timestamp":"2024-11-21T07:50:32.386Z"}
{"level":"info","message":"GET /images/electronics - 2024-11-21T07:50:32.387Z","timestamp":"2024-11-21T07:50:32.387Z"}
{"level":"info","message":"GET /images/jewelery - 2024-11-21T07:50:32.390Z","timestamp":"2024-11-21T07:50:32.390Z"}
{"level":"info","message":"GET /images/men's%20clothing - 2024-11-21T07:50:32.399Z","timestamp":"2024-11-21T07:50:32.399Z"}
{"level":"info","message":"GET /images/women's%20clothing - 2024-11-21T07:50:32.400Z","timestamp":"2024-11-21T07:50:32.400Z"}
{"level":"info","message":"GET /favicon.ico - 2024-11-21T07:50:32.856Z","timestamp":"2024-11-21T07:50:32.856Z"}
{"level":"info","message":"PUT /api/ratings/6716188faeefa643f1858259 - 2024-11-21T07:50:37.281Z","timestamp":"2024-11-21T07:50:37.281Z"}
{"level":"info","message":"GET /api/ratings/6716188faeefa643f1858259 - 2024-11-21T07:50:47.778Z","timestamp":"2024-11-21T07:50:47.779Z"}
{"level":"info","message":"GET /api/ratings/6716188faeefa643f1858259 - 2024-11-21T07:50:57.445Z","timestamp":"2024-11-21T07:50:57.445Z"}
{"level":"info","message":"PUT /api/ratings/6716188faeefa643f1858259 - 2024-11-21T07:51:01.825Z","timestamp":"2024-11-21T07:51:01.825Z"}
{"level":"info","message":"GET /api/ratings/6716188faeefa643f1858259 - 2024-11-21T07:51:04.554Z","timestamp":"2024-11-21T07:51:04.554Z"}
{"level":"info","message":"PUT /api/ratings/6716188faeefa643f1858259 - 2024-11-21T07:51:11.851Z","timestamp":"2024-11-21T07:51:11.851Z"}
{"level":"info","message":"GET /api/ratings/6716188faeefa643f1858259 - 2024-11-21T08:07:45.834Z","timestamp":"2024-11-21T08:07:45.835Z"}
{"level":"info","message":"GET /api/ratings/6716188faeefa643f18582 - 2024-11-21T08:08:36.434Z","timestamp":"2024-11-21T08:08:36.434Z"}
{"level":"info","message":"GET /api/ratings/6716188faeefa643f1858259 - 2024-11-21T08:13:20.103Z","timestamp":"2024-11-21T08:13:20.104Z"}
{"level":"info","message":"GET /api/ratings/6716188faeefa643f18582 - 2024-11-21T08:13:23.520Z","timestamp":"2024-11-21T08:13:23.520Z"}
{"level":"info","message":"GET /api/ratings/6716188faeefa643f1858259 - 2024-11-21T08:14:04.477Z","timestamp":"2024-11-21T08:14:04.478Z"}
{"level":"info","message":"GET /api/ratings/6716188faeefa643f185825 - 2024-11-21T08:14:08.630Z","timestamp":"2024-11-21T08:14:08.630Z"}
2024-11-21T08:14:08.637Z error: Error al obtener ratings Cast to ObjectId failed for value "6716188faeefa643f185825" (type string) at path "_id" for model "productos"
2024-11-21T08:22:29.220Z info: PUT /api/ratings/6716188faeefa643f1858259 - 2024-11-21T08:22:29.219Z
2024-11-21T08:22:34.126Z info: GET /api/ratings/6716188faeefa643f185825 - 2024-11-21T08:22:34.126Z
2024-11-21T08:23:30.374Z info: GET /api/ratings/6716188faeefa643f185825 - 2024-11-21T08:23:30.373Z
2024-11-21T08:26:25.165Z info: GET /api/ratings - 2024-11-21T08:26:25.163Z
2024-11-21T08:26:27.644Z info: PUT /api/ratings/6716188faeefa643f1858259 - 2024-11-21T08:26:27.644Z
2024-11-21T08:26:33.494Z info: GET /api/ratings/6716188faeefa643f1858259 - 2024-11-21T08:26:33.494Z
2024-11-21T08:26:36.881Z info: GET /api/ratings/6716188faeefa643f185825 - 2024-11-21T08:26:36.881Z
2024-11-21T08:26:36.887Z error: Error al obtener ratings Cast to ObjectId failed for value "6716188faeefa643f185825" (type string) at path "_id" for model "productos"
2024-11-21T08:27:01.090Z info: GET /api/ratings/6716188faeefa643f185825 - 2024-11-21T08:27:01.089Z
2024-11-21T08:27:01.111Z error: Error al obtener ratings Cast to ObjectId failed for value "6716188faeefa643f185825" (type string) at path "_id" for model "productos"
2024-11-21T08:37:28.607Z info: GET / - 2024-11-21T08:37:28.606Z
2024-11-21T08:37:29.982Z info: GET /categoria/electronics - 2024-11-21T08:37:29.982Z
2024-11-21T08:40:56.282Z info: GET /categoria/electronics - 2024-11-21T08:40:56.282Z
2024-11-21T08:41:11.484Z info: GET /categoria/electronics - 2024-11-21T08:41:11.484Z
2024-11-21T08:41:26.510Z info: GET /categoria/electronics - 2024-11-21T08:41:26.510Z
2024-11-21T08:41:31.947Z info: GET /categoria/electronics - 2024-11-21T08:41:31.947Z
2024-11-21T08:41:34.052Z info: GET /categoria/electronics - 2024-11-21T08:41:34.052Z
2024-11-21T08:41:52.785Z info: GET /categoria/electronics - 2024-11-21T08:41:52.785Z
2024-11-21T08:41:58.798Z info: GET / - 2024-11-21T08:41:58.798Z
2024-11-21T08:42:04.288Z info: GET /categoria/men's%20clothing - 2024-11-21T08:42:04.288Z
2024-11-21T08:43:37.335Z info: GET /categoria/men's%20clothing - 2024-11-21T08:43:37.335Z
2024-11-21T08:44:04.763Z info: GET / - 2024-11-21T08:44:04.762Z
2024-11-21T08:44:05.955Z info: GET /categoria/electronics - 2024-11-21T08:44:05.955Z
2024-11-21T08:48:34.730Z info: GET /categoria/electronics - 2024-11-21T08:48:34.730Z
2024-11-21T08:48:40.728Z info: GET /categoria/electronics - 2024-11-21T08:48:40.728Z
2024-11-21T08:48:58.933Z info: GET /categoria/electronics - 2024-11-21T08:48:58.932Z
2024-11-21T09:01:03.844Z info: GET /categoria/electronics - 2024-11-21T09:01:03.844Z
2024-11-21T09:05:21.369Z info: GET /categoria/electronics - 2024-11-21T09:05:21.368Z
2024-11-21T09:05:33.843Z info: GET /categoria/electronics - 2024-11-21T09:05:33.843Z
2024-11-21T09:13:03.375Z info: GET /categoria/electronics - 2024-11-21T09:13:03.375Z
2024-11-21T09:22:10.801Z info: GET /categoria/electronics - 2024-11-21T09:22:10.801Z
2024-11-21T09:22:15.146Z info: GET /categoria/electronics - 2024-11-21T09:22:15.144Z
2024-11-21T09:22:18.824Z info: GET /categoria/electronics - 2024-11-21T09:22:18.824Z
2024-11-21T09:28:57.974Z info: GET /categoria/electronics - 2024-11-21T09:28:57.973Z
2024-11-21T09:29:04.669Z info: GET /categoria/electronics - 2024-11-21T09:29:04.669Z
2024-11-21T09:34:36.676Z info: GET /categoria/electronics - 2024-11-21T09:34:36.675Z
2024-11-21T09:34:48.124Z info: GET / - 2024-11-21T09:34:48.124Z
2024-11-21T09:34:49.453Z info: GET /categoria/electronics - 2024-11-21T09:34:49.453Z
2024-11-21T09:35:10.515Z info: GET /categoria/electronics - 2024-11-21T09:35:10.514Z
2024-11-21T09:35:15.654Z info: GET /categoria/electronics - 2024-11-21T09:35:15.654Z
2024-11-21T09:35:32.303Z info: GET /categoria/electronics - 2024-11-21T09:35:32.303Z
2024-11-21T09:35:38.488Z info: GET /categoria/electronics - 2024-11-21T09:35:38.488Z
2024-11-21T09:36:55.146Z info: GET /categoria/electronics - 2024-11-21T09:36:55.145Z
2024-11-21T09:37:03.948Z info: GET /categoria/electronics - 2024-11-21T09:37:03.948Z
2024-11-21T09:37:23.109Z info: GET /categoria/electronics - 2024-11-21T09:37:23.109Z
2024-11-21T09:37:25.492Z info: GET /detalles/6716188faeefa643f1858261 - 2024-11-21T09:37:25.492Z
2024-11-21T09:39:41.252Z info: GET /categoria/electronics - 2024-11-21T09:39:41.251Z
2024-11-21T09:39:41.483Z info: GET /ratings.js - 2024-11-21T09:39:41.483Z
2024-11-21T09:39:47.673Z info: GET / - 2024-11-21T09:39:47.673Z
2024-11-21T09:39:49.061Z info: GET /categoria/electronics - 2024-11-21T09:39:49.061Z
2024-11-21T09:39:49.145Z info: GET /ratings.js - 2024-11-21T09:39:49.145Z
2024-11-21T09:41:07.538Z info: GET /categoria/electronics - 2024-11-21T09:41:07.537Z
2024-11-21T09:41:07.803Z info: GET /ratings.js - 2024-11-21T09:41:07.803Z
2024-11-21T09:41:14.532Z info: GET /categoria/electronics - 2024-11-21T09:41:14.531Z
2024-11-21T09:41:14.608Z info: GET /ratings.js - 2024-11-21T09:41:14.608Z
2024-11-21T09:44:54.659Z info: GET / - 2024-11-21T09:44:54.658Z
2024-11-21T09:44:55.864Z info: GET /categoria/electronics - 2024-11-21T09:44:55.864Z
2024-11-21T09:44:56.117Z info: GET /categoria/ratings.js - 2024-11-21T09:44:56.117Z
2024-11-21T09:49:47.838Z info: GET /categoria/electronics - 2024-11-21T09:49:47.837Z
2024-11-21T09:49:48.106Z info: GET /categoria/ratings.js - 2024-11-21T09:49:48.106Z
2024-11-21T09:51:04.542Z info: GET /categoria/electronics - 2024-11-21T09:51:04.542Z
2024-11-21T09:51:04.737Z info: GET /categoria/ratings.js - 2024-11-21T09:51:04.737Z
2024-11-21T09:51:15.617Z info: GET /categoria/electronics - 2024-11-21T09:51:15.615Z
2024-11-21T09:51:15.797Z info: GET /public/ratings.js - 2024-11-21T09:51:15.797Z
2024-11-21T09:52:35.545Z info: GET /categoria/electronics - 2024-11-21T09:52:35.545Z
2024-11-21T09:52:35.724Z info: GET /public/ratings.js - 2024-11-21T09:52:35.724Z
2024-11-21T09:52:40.242Z info: GET /categoria/electronics - 2024-11-21T09:52:40.241Z
2024-11-21T09:52:40.465Z info: GET /public/ratings.js - 2024-11-21T09:52:40.465Z
2024-11-21T09:53:01.189Z info: GET /categoria/electronics - 2024-11-21T09:53:01.188Z
2024-11-21T09:53:01.278Z info: GET /public/ratings.js - 2024-11-21T09:53:01.278Z
2024-11-21T09:53:03.326Z info: GET /categoria/electronics - 2024-11-21T09:53:03.326Z
2024-11-21T09:53:03.413Z info: GET /public/ratings.js - 2024-11-21T09:53:03.413Z
2024-11-21T09:53:20.013Z info: GET /categoria/electronics - 2024-11-21T09:53:20.011Z
2024-11-21T09:53:20.225Z info: GET /categoria/ratings.js - 2024-11-21T09:53:20.225Z
2024-11-21T09:55:48.039Z info: GET /categoria/electronics - 2024-11-21T09:55:48.038Z
2024-11-21T09:55:48.399Z info: GET /api/ratings/6716188faeefa643f1858261 - 2024-11-21T09:55:48.399Z
2024-11-21T09:55:48.415Z info: GET /api/ratings/6716188faeefa643f1858262 - 2024-11-21T09:55:48.415Z
2024-11-21T09:55:48.431Z info: GET /api/ratings/6716188faeefa643f1858263 - 2024-11-21T09:55:48.430Z
2024-11-21T09:55:48.435Z info: GET /api/ratings/6716188faeefa643f1858264 - 2024-11-21T09:55:48.435Z
2024-11-21T09:55:48.446Z info: GET /api/ratings/6716188faeefa643f1858265 - 2024-11-21T09:55:48.445Z
2024-11-21T09:55:48.452Z info: GET /api/ratings/6716188faeefa643f1858266 - 2024-11-21T09:55:48.452Z
2024-11-21T09:59:22.483Z info: GET /detalles/6716188faeefa643f1858261 - 2024-11-21T09:59:22.482Z
2024-11-21T09:59:49.560Z info: GET /detalles/6716188faeefa643f1858261 - 2024-11-21T09:59:49.559Z
2024-11-21T10:00:02.164Z info: GET /detalles/6716188faeefa643f1858261 - 2024-11-21T10:00:02.164Z
2024-11-21T10:00:05.784Z info: GET /detalles/6716188faeefa643f1858261 - 2024-11-21T10:00:05.783Z
2024-11-21T10:00:05.978Z info: GET /api/ratings/6716188faeefa643f1858261 - 2024-11-21T10:00:05.977Z
2024-11-21T10:00:51.842Z info: GET /categoria/jewelery - 2024-11-21T10:00:51.841Z
2024-11-21T10:00:52.071Z info: GET /api/ratings/6716188faeefa643f185825d - 2024-11-21T10:00:52.071Z
2024-11-21T10:00:52.078Z info: GET /api/ratings/6716188faeefa643f185825e - 2024-11-21T10:00:52.078Z
2024-11-21T10:00:52.086Z info: GET /api/ratings/6716188faeefa643f185825f - 2024-11-21T10:00:52.086Z
2024-11-21T10:00:52.100Z info: GET /api/ratings/6716188faeefa643f1858260 - 2024-11-21T10:00:52.100Z
2024-11-21T10:00:58.248Z info: GET /categoria/men's%20clothing - 2024-11-21T10:00:58.248Z
2024-11-21T10:00:58.466Z info: GET /api/ratings/6716188faeefa643f1858259 - 2024-11-21T10:00:58.466Z
2024-11-21T10:00:58.474Z info: GET /api/ratings/6716188faeefa643f185825a - 2024-11-21T10:00:58.474Z
2024-11-21T10:00:58.481Z info: GET /api/ratings/6716188faeefa643f185825b - 2024-11-21T10:00:58.481Z
2024-11-21T10:00:58.489Z info: GET /api/ratings/6716188faeefa643f185825c - 2024-11-21T10:00:58.489Z
2024-11-21T10:01:02.294Z info: GET /detalles/6716188faeefa643f185825b - 2024-11-21T10:01:02.294Z
2024-11-21T10:01:02.500Z info: GET /api/ratings/6716188faeefa643f185825b - 2024-11-21T10:01:02.500Z
2024-11-21T10:14:04.366Z info: GET /categoria/men's%20clothing - 2024-11-21T10:14:04.365Z
2024-11-21T10:14:04.690Z info: GET /api/ratings/6716188faeefa643f1858259 - 2024-11-21T10:14:04.690Z
2024-11-21T10:14:04.709Z info: GET /api/ratings/6716188faeefa643f185825a - 2024-11-21T10:14:04.709Z
2024-11-21T10:14:04.714Z info: GET /api/ratings/6716188faeefa643f185825b - 2024-11-21T10:14:04.713Z
2024-11-21T10:14:04.722Z info: GET /api/ratings/6716188faeefa643f185825c - 2024-11-21T10:14:04.722Z
2024-11-21T10:14:04.737Z info: GET /api/ratings/6716188faeefa643f1858259 - 2024-11-21T10:14:04.737Z
2024-11-21T10:14:04.744Z info: GET /api/ratings/6716188faeefa643f185825a - 2024-11-21T10:14:04.743Z
2024-11-21T10:14:04.746Z info: GET /api/ratings/6716188faeefa643f185825b - 2024-11-21T10:14:04.746Z
2024-11-21T10:14:04.777Z info: GET /api/ratings/6716188faeefa643f185825c - 2024-11-21T10:14:04.777Z
2024-11-21T10:14:07.097Z info: GET /detalles/6716188faeefa643f1858259 - 2024-11-21T10:14:07.097Z
2024-11-21T10:14:07.301Z info: GET /api/ratings/6716188faeefa643f1858259 - 2024-11-21T10:14:07.301Z
2024-11-21T10:14:07.312Z info: GET /api/ratings/6716188faeefa643f1858259 - 2024-11-21T10:14:07.312Z
2024-11-21T10:24:32.334Z info: GET /detalles/6716188faeefa643f1858259 - 2024-11-21T10:24:32.333Z
2024-11-21T10:24:32.599Z info: GET /api/ratings/6716188faeefa643f1858259 - 2024-11-21T10:24:32.599Z
2024-11-21T10:25:58.328Z info: GET /buscar?query=WD - 2024-11-21T10:25:58.328Z
2024-11-21T10:25:58.368Z info: GET /buscar?query=WD - 2024-11-21T10:25:58.368Z
2024-11-21T10:27:25.449Z info: GET / - 2024-11-21T10:27:25.448Z
2024-11-21T10:27:26.650Z info: GET /categoria/electronics - 2024-11-21T10:27:26.650Z
2024-11-21T10:27:26.914Z info: GET /api/ratings/6716188faeefa643f1858261 - 2024-11-21T10:27:26.913Z
2024-11-21T10:27:26.925Z info: GET /api/ratings/6716188faeefa643f1858262 - 2024-11-21T10:27:26.925Z
2024-11-21T10:27:26.929Z info: GET /api/ratings/6716188faeefa643f1858263 - 2024-11-21T10:27:26.929Z
2024-11-21T10:27:26.947Z info: GET /api/ratings/6716188faeefa643f1858264 - 2024-11-21T10:27:26.947Z
2024-11-21T10:27:26.950Z info: GET /api/ratings/6716188faeefa643f1858265 - 2024-11-21T10:27:26.950Z
2024-11-21T10:27:26.960Z info: GET /api/ratings/6716188faeefa643f1858266 - 2024-11-21T10:27:26.960Z
2024-11-21T10:27:28.474Z info: GET /detalles/6716188faeefa643f1858261 - 2024-11-21T10:27:28.474Z
2024-11-21T10:27:28.685Z info: GET /api/ratings/6716188faeefa643f1858261 - 2024-11-21T10:27:28.685Z
2024-11-21T10:31:45.898Z info: GET /detalles/6716188faeefa643f1858261 - 2024-11-21T10:31:45.896Z
2024-11-21T10:31:46.133Z info: GET /api/ratings/6716188faeefa643f1858261 - 2024-11-21T10:31:46.133Z
2024-11-21T10:31:52.689Z info: PUT /api/ratings/6716188faeefa643f1858261 - 2024-11-21T10:31:52.689Z
2024-11-21T10:32:37.136Z info: PUT /api/ratings/6716188faeefa643f1858261 - 2024-11-21T10:32:37.136Z
2024-11-21T10:32:37.361Z info: PUT /api/ratings/6716188faeefa643f1858261 - 2024-11-21T10:32:37.360Z
2024-11-21T10:32:42.152Z info: PUT /api/ratings/6716188faeefa643f1858261 - 2024-11-21T10:32:42.152Z
2024-11-21T10:32:43.267Z info: PUT /api/ratings/6716188faeefa643f1858261 - 2024-11-21T10:32:43.267Z
2024-11-21T10:32:44.245Z info: PUT /api/ratings/6716188faeefa643f1858261 - 2024-11-21T10:32:44.245Z
2024-11-21T10:32:46.063Z info: PUT /api/ratings/6716188faeefa643f1858261 - 2024-11-21T10:32:46.063Z
2024-11-21T10:32:47.334Z info: PUT /api/ratings/6716188faeefa643f1858261 - 2024-11-21T10:32:47.334Z
2024-11-21T10:32:49.563Z info: PUT /api/ratings/6716188faeefa643f1858261 - 2024-11-21T10:32:49.563Z
2024-11-21T10:32:51.708Z info: PUT /api/ratings/6716188faeefa643f1858261 - 2024-11-21T10:32:51.707Z
2024-11-21T10:34:34.592Z info: PUT /api/ratings/6716188faeefa643f1858261 - 2024-11-21T10:34:34.592Z
2024-11-21T10:34:35.629Z info: PUT /api/ratings/6716188faeefa643f1858261 - 2024-11-21T10:34:35.629Z
2024-11-21T10:34:36.723Z info: PUT /api/ratings/6716188faeefa643f1858261 - 2024-11-21T10:34:36.723Z
2024-11-21T10:34:55.207Z info: GET /detalles/6716188faeefa643f1858261 - 2024-11-21T10:34:55.207Z
2024-11-21T10:34:55.502Z info: GET /api/ratings/6716188faeefa643f1858261 - 2024-11-21T10:34:55.502Z
2024-11-21T10:34:59.723Z info: PUT /api/ratings/6716188faeefa643f1858261 - 2024-11-21T10:34:59.723Z
2024-11-21T10:34:59.906Z info: PUT /api/ratings/6716188faeefa643f1858261 - 2024-11-21T10:34:59.906Z
2024-11-21T10:35:00.076Z info: PUT /api/ratings/6716188faeefa643f1858261 - 2024-11-21T10:35:00.076Z
2024-11-21T10:35:00.238Z info: PUT /api/ratings/6716188faeefa643f1858261 - 2024-11-21T10:35:00.238Z
2024-11-21T10:35:00.393Z info: PUT /api/ratings/6716188faeefa643f1858261 - 2024-11-21T10:35:00.393Z
2024-11-21T10:35:00.535Z info: PUT /api/ratings/6716188faeefa643f1858261 - 2024-11-21T10:35:00.535Z
2024-11-21T10:35:00.682Z info: PUT /api/ratings/6716188faeefa643f1858261 - 2024-11-21T10:35:00.682Z
2024-11-21T10:35:00.987Z info: PUT /api/ratings/6716188faeefa643f1858261 - 2024-11-21T10:35:00.987Z
2024-11-21T10:35:01.271Z info: PUT /api/ratings/6716188faeefa643f1858261 - 2024-11-21T10:35:01.271Z
2024-11-21T10:35:01.432Z info: PUT /api/ratings/6716188faeefa643f1858261 - 2024-11-21T10:35:01.432Z
2024-11-21T10:35:01.560Z info: PUT /api/ratings/6716188faeefa643f1858261 - 2024-11-21T10:35:01.560Z
2024-11-21T10:35:01.694Z info: PUT /api/ratings/6716188faeefa643f1858261 - 2024-11-21T10:35:01.694Z
2024-11-21T10:35:01.871Z info: PUT /api/ratings/6716188faeefa643f1858261 - 2024-11-21T10:35:01.871Z
2024-11-21T10:35:02.018Z info: PUT /api/ratings/6716188faeefa643f1858261 - 2024-11-21T10:35:02.018Z
2024-11-21T10:35:02.203Z info: PUT /api/ratings/6716188faeefa643f1858261 - 2024-11-21T10:35:02.203Z
2024-11-21T10:35:02.345Z info: PUT /api/ratings/6716188faeefa643f1858261 - 2024-11-21T10:35:02.345Z
2024-11-21T10:35:02.507Z info: PUT /api/ratings/6716188faeefa643f1858261 - 2024-11-21T10:35:02.507Z
2024-11-21T10:35:02.826Z info: PUT /api/ratings/6716188faeefa643f1858261 - 2024-11-21T10:35:02.826Z
2024-11-21T10:35:03.297Z info: GET /detalles/6716188faeefa643f1858261 - 2024-11-21T10:35:03.297Z
2024-11-21T10:35:03.550Z info: GET /api/ratings/6716188faeefa643f1858261 - 2024-11-21T10:35:03.549Z
2024-11-21T10:35:09.175Z info: PUT /api/ratings/6716188faeefa643f1858262 - 2024-11-21T10:35:09.175Z
2024-11-21T10:35:09.740Z info: PUT /api/ratings/6716188faeefa643f1858262 - 2024-11-21T10:35:09.740Z
2024-11-21T10:35:09.930Z info: PUT /api/ratings/6716188faeefa643f1858262 - 2024-11-21T10:35:09.930Z
2024-11-21T10:35:10.099Z info: PUT /api/ratings/6716188faeefa643f1858262 - 2024-11-21T10:35:10.099Z
2024-11-21T10:35:10.277Z info: PUT /api/ratings/6716188faeefa643f1858262 - 2024-11-21T10:35:10.277Z
2024-11-21T10:35:10.418Z info: PUT /api/ratings/6716188faeefa643f1858262 - 2024-11-21T10:35:10.418Z
2024-11-21T10:35:10.751Z info: PUT /api/ratings/6716188faeefa643f1858262 - 2024-11-21T10:35:10.751Z
2024-11-21T10:35:10.908Z info: PUT /api/ratings/6716188faeefa643f1858262 - 2024-11-21T10:35:10.908Z
2024-11-21T10:35:11.603Z info: GET /categoria/electronics - 2024-11-21T10:35:11.603Z
2024-11-21T10:35:11.903Z info: GET /api/ratings/6716188faeefa643f1858261 - 2024-11-21T10:35:11.903Z
2024-11-21T10:35:11.909Z info: GET /api/ratings/6716188faeefa643f1858262 - 2024-11-21T10:35:11.909Z
2024-11-21T10:35:11.913Z info: GET /api/ratings/6716188faeefa643f1858263 - 2024-11-21T10:35:11.913Z
2024-11-21T10:35:11.921Z info: GET /api/ratings/6716188faeefa643f1858264 - 2024-11-21T10:35:11.921Z
2024-11-21T10:35:11.932Z info: GET /api/ratings/6716188faeefa643f1858265 - 2024-11-21T10:35:11.932Z
2024-11-21T10:35:11.941Z info: GET /api/ratings/6716188faeefa643f1858266 - 2024-11-21T10:35:11.941Z
2024-11-21T10:35:14.424Z info: GET /categoria/electronics - 2024-11-21T10:35:14.424Z
2024-11-21T10:35:14.691Z info: GET /api/ratings/6716188faeefa643f1858261 - 2024-11-21T10:35:14.691Z
2024-11-21T10:35:14.699Z info: GET /api/ratings/6716188faeefa643f1858262 - 2024-11-21T10:35:14.699Z
2024-11-21T10:35:14.705Z info: GET /api/ratings/6716188faeefa643f1858263 - 2024-11-21T10:35:14.705Z
2024-11-21T10:35:14.707Z info: GET /api/ratings/6716188faeefa643f1858264 - 2024-11-21T10:35:14.707Z
2024-11-21T10:35:14.710Z info: GET /api/ratings/6716188faeefa643f1858265 - 2024-11-21T10:35:14.710Z
2024-11-21T10:35:14.729Z info: GET /api/ratings/6716188faeefa643f1858266 - 2024-11-21T10:35:14.729Z
2024-11-21T10:35:27.495Z info: GET /categoria/electronics - 2024-11-21T10:35:27.493Z
2024-11-21T10:35:27.804Z info: GET /api/ratings/6716188faeefa643f1858261 - 2024-11-21T10:35:27.804Z
2024-11-21T10:35:27.817Z info: GET /api/ratings/6716188faeefa643f1858262 - 2024-11-21T10:35:27.817Z
2024-11-21T10:35:27.820Z info: GET /api/ratings/6716188faeefa643f1858263 - 2024-11-21T10:35:27.820Z
2024-11-21T10:35:27.836Z info: GET /api/ratings/6716188faeefa643f1858264 - 2024-11-21T10:35:27.835Z
2024-11-21T10:35:27.848Z info: GET /api/ratings/6716188faeefa643f1858265 - 2024-11-21T10:35:27.848Z
2024-11-21T10:35:27.862Z info: GET /api/ratings/6716188faeefa643f1858266 - 2024-11-21T10:35:27.862Z
2024-11-21T10:35:33.182Z info: PUT /api/ratings/6716188faeefa643f1858265 - 2024-11-21T10:35:33.182Z
2024-11-21T10:35:34.525Z info: GET /categoria/electronics - 2024-11-21T10:35:34.525Z
2024-11-21T10:35:34.776Z info: GET /api/ratings/6716188faeefa643f1858261 - 2024-11-21T10:35:34.776Z
2024-11-21T10:35:34.788Z info: GET /api/ratings/6716188faeefa643f1858262 - 2024-11-21T10:35:34.787Z
2024-11-21T10:35:34.793Z info: GET /api/ratings/6716188faeefa643f1858263 - 2024-11-21T10:35:34.793Z
2024-11-21T10:35:34.800Z info: GET /api/ratings/6716188faeefa643f1858265 - 2024-11-21T10:35:34.800Z
2024-11-21T10:35:34.803Z info: GET /api/ratings/6716188faeefa643f1858264 - 2024-11-21T10:35:34.803Z
2024-11-21T10:35:34.818Z info: GET /api/ratings/6716188faeefa643f1858266 - 2024-11-21T10:35:34.818Z
2024-11-21T10:35:42.252Z info: GET /api/ratings/6716188faeefa643f1858261 - 2024-11-21T10:35:42.252Z
2024-11-21T10:35:42.268Z info: GET /api/ratings/6716188faeefa643f1858262 - 2024-11-21T10:35:42.268Z
2024-11-21T10:35:42.274Z info: GET /api/ratings/6716188faeefa643f1858263 - 2024-11-21T10:35:42.274Z
2024-11-21T10:35:42.291Z info: GET /api/ratings/6716188faeefa643f1858264 - 2024-11-21T10:35:42.291Z
2024-11-21T10:35:42.307Z info: GET /api/ratings/6716188faeefa643f1858265 - 2024-11-21T10:35:42.307Z
2024-11-21T10:35:42.324Z info: GET /api/ratings/6716188faeefa643f1858266 - 2024-11-21T10:35:42.324Z
2024-11-21T10:35:45.543Z info: GET /detalles/6716188faeefa643f1858265 - 2024-11-21T10:35:45.543Z
2024-11-21T10:35:45.800Z info: GET /api/ratings/6716188faeefa643f1858265 - 2024-11-21T10:35:45.800Z
2024-11-21T10:41:09.819Z info: GET /detalles/6716188faeefa643f1858265 - 2024-11-21T10:41:09.819Z
2024-11-21T10:41:10.050Z info: GET /api/ratings/6716188faeefa643f1858265 - 2024-11-21T10:41:10.050Z
2024-11-21T10:41:21.875Z info: GET / - 2024-11-21T10:41:21.875Z
2024-11-21T10:41:23.301Z info: GET /categoria/electronics - 2024-11-21T10:41:23.301Z
2024-11-21T10:41:23.418Z info: GET /api/ratings/6716188faeefa643f1858261 - 2024-11-21T10:41:23.418Z
2024-11-21T10:41:23.420Z info: GET /api/ratings/6716188faeefa643f1858262 - 2024-11-21T10:41:23.419Z
2024-11-21T10:41:23.426Z info: GET /api/ratings/6716188faeefa643f1858263 - 2024-11-21T10:41:23.426Z
2024-11-21T10:41:23.428Z info: GET /api/ratings/6716188faeefa643f1858264 - 2024-11-21T10:41:23.428Z
2024-11-21T10:41:23.432Z info: GET /api/ratings/6716188faeefa643f1858266 - 2024-11-21T10:41:23.432Z
2024-11-21T10:41:23.437Z info: GET /api/ratings/6716188faeefa643f1858265 - 2024-11-21T10:41:23.437Z
2024-11-21T10:41:29.850Z info: GET /detalles/6716188faeefa643f1858265 - 2024-11-21T10:41:29.850Z
2024-11-21T10:41:30.007Z info: GET /api/ratings/6716188faeefa643f1858265 - 2024-11-21T10:41:30.007Z
2024-11-21T10:43:12.927Z info: PUT /api/ratings/6716188faeefa643f1858261 - 2024-11-21T10:43:12.927Z
2024-11-21T10:43:14.675Z info: GET /categoria/electronics - 2024-11-21T10:43:14.675Z
2024-11-21T10:43:14.776Z info: GET /api/ratings/6716188faeefa643f1858261 - 2024-11-21T10:43:14.776Z
2024-11-21T10:43:14.783Z info: GET /api/ratings/6716188faeefa643f1858265 - 2024-11-21T10:43:14.783Z
2024-11-21T10:43:14.791Z info: GET /api/ratings/6716188faeefa643f1858262 - 2024-11-21T10:43:14.791Z
2024-11-21T10:43:14.801Z info: GET /api/ratings/6716188faeefa643f1858263 - 2024-11-21T10:43:14.801Z
2024-11-21T10:43:14.804Z info: GET /api/ratings/6716188faeefa643f1858264 - 2024-11-21T10:43:14.804Z
2024-11-21T10:43:14.807Z info: GET /api/ratings/6716188faeefa643f1858266 - 2024-11-21T10:43:14.807Z
2024-11-21T10:46:46.219Z info: PUT /api/ratings/6716188faeefa643f1858261 - 2024-11-21T10:46:46.217Z
2024-11-21T10:46:48.320Z info: GET /categoria/electronics - 2024-11-21T10:46:48.320Z
2024-11-21T10:46:48.459Z info: GET /api/ratings/6716188faeefa643f1858261 - 2024-11-21T10:46:48.459Z
2024-11-21T10:46:48.477Z info: GET /api/ratings/6716188faeefa643f1858262 - 2024-11-21T10:46:48.477Z
2024-11-21T10:46:48.482Z info: GET /api/ratings/6716188faeefa643f1858263 - 2024-11-21T10:46:48.482Z
2024-11-21T10:46:48.488Z info: GET /api/ratings/6716188faeefa643f1858264 - 2024-11-21T10:46:48.488Z
2024-11-21T10:46:48.500Z info: GET /api/ratings/6716188faeefa643f1858266 - 2024-11-21T10:46:48.500Z
2024-11-21T10:46:48.506Z info: GET /api/ratings/6716188faeefa643f1858265 - 2024-11-21T10:46:48.506Z
2024-11-21T10:47:17.342Z info: GET /categoria/electronics - 2024-11-21T10:47:17.342Z
2024-11-21T10:47:17.451Z info: GET /api/ratings/6716188faeefa643f1858261 - 2024-11-21T10:47:17.451Z
2024-11-21T10:47:17.456Z info: GET /api/ratings/6716188faeefa643f1858262 - 2024-11-21T10:47:17.456Z
2024-11-21T10:47:17.463Z info: GET /api/ratings/6716188faeefa643f1858263 - 2024-11-21T10:47:17.463Z
2024-11-21T10:47:17.479Z info: GET /api/ratings/6716188faeefa643f1858264 - 2024-11-21T10:47:17.479Z
2024-11-21T10:47:17.481Z info: GET /api/ratings/6716188faeefa643f1858265 - 2024-11-21T10:47:17.481Z
2024-11-21T10:47:17.484Z info: GET /api/ratings/6716188faeefa643f1858266 - 2024-11-21T10:47:17.484Z
2024-11-21T10:47:19.107Z info: PUT /api/ratings/6716188faeefa643f1858261 - 2024-11-21T10:47:19.107Z
2024-11-21T10:47:24.462Z info: PUT /api/ratings/6716188faeefa643f1858262 - 2024-11-21T10:47:24.462Z
2024-11-21T10:47:28.350Z info: PUT /api/ratings/6716188faeefa643f1858263 - 2024-11-21T10:47:28.350Z
2024-11-21T10:47:30.442Z info: GET /categoria/electronics - 2024-11-21T10:47:30.442Z
2024-11-21T10:47:30.551Z info: GET /api/ratings/6716188faeefa643f1858261 - 2024-11-21T10:47:30.551Z
2024-11-21T10:47:30.554Z info: GET /api/ratings/6716188faeefa643f1858262 - 2024-11-21T10:47:30.554Z
2024-11-21T10:47:30.562Z info: GET /api/ratings/6716188faeefa643f1858263 - 2024-11-21T10:47:30.562Z
2024-11-21T10:47:30.566Z info: GET /api/ratings/6716188faeefa643f1858264 - 2024-11-21T10:47:30.566Z
2024-11-21T10:47:30.576Z info: GET /api/ratings/6716188faeefa643f1858265 - 2024-11-21T10:47:30.576Z
2024-11-21T10:47:30.579Z info: GET /api/ratings/6716188faeefa643f1858266 - 2024-11-21T10:47:30.579Z
2024-11-21T10:47:34.435Z info: PUT /api/ratings/6716188faeefa643f1858263 - 2024-11-21T10:47:34.435Z
2024-11-21T10:47:46.556Z info: PUT /api/ratings/6716188faeefa643f1858265 - 2024-11-21T10:47:46.556Z
2024-11-21T10:47:55.276Z info: GET /detalles/6716188faeefa643f1858265 - 2024-11-21T10:47:55.275Z
2024-11-21T10:47:55.440Z info: GET /api/ratings/6716188faeefa643f1858265 - 2024-11-21T10:47:55.440Z
2024-11-21T10:47:57.160Z info: PUT /api/ratings/6716188faeefa643f1858265 - 2024-11-21T10:47:57.160Z
2024-11-21T10:48:08.215Z info: GET /detalles/6716188faeefa643f1858265 - 2024-11-21T10:48:08.215Z
2024-11-21T10:48:08.362Z info: GET /api/ratings/6716188faeefa643f1858265 - 2024-11-21T10:48:08.362Z
2024-11-21T10:48:10.812Z info: PUT /api/ratings/6716188faeefa643f1858265 - 2024-11-21T10:48:10.812Z
2024-11-21T10:48:19.238Z info: GET /categoria/electronics - 2024-11-21T10:48:19.238Z
2024-11-21T10:48:19.401Z info: GET /api/ratings/6716188faeefa643f1858261 - 2024-11-21T10:48:19.401Z
2024-11-21T10:48:19.403Z info: GET /api/ratings/6716188faeefa643f1858262 - 2024-11-21T10:48:19.403Z
2024-11-21T10:48:19.407Z info: GET /api/ratings/6716188faeefa643f1858263 - 2024-11-21T10:48:19.407Z
2024-11-21T10:48:19.414Z info: GET /api/ratings/6716188faeefa643f1858264 - 2024-11-21T10:48:19.414Z
2024-11-21T10:48:19.422Z info: GET /api/ratings/6716188faeefa643f1858265 - 2024-11-21T10:48:19.422Z
2024-11-21T10:48:19.432Z info: GET /api/ratings/6716188faeefa643f1858266 - 2024-11-21T10:48:19.432Z
2024-11-21T10:48:23.352Z info: PUT /api/ratings/6716188faeefa643f1858265 - 2024-11-21T10:48:23.352Z
2024-11-21T10:48:25.212Z info: GET /categoria/electronics - 2024-11-21T10:48:25.212Z
2024-11-21T10:48:25.326Z info: GET /api/ratings/6716188faeefa643f1858261 - 2024-11-21T10:48:25.326Z
2024-11-21T10:48:25.329Z info: GET /api/ratings/6716188faeefa643f1858262 - 2024-11-21T10:48:25.329Z
2024-11-21T10:48:25.335Z info: GET /api/ratings/6716188faeefa643f1858263 - 2024-11-21T10:48:25.335Z
2024-11-21T10:48:25.341Z info: GET /api/ratings/6716188faeefa643f1858266 - 2024-11-21T10:48:25.341Z
2024-11-21T10:48:25.344Z info: GET /api/ratings/6716188faeefa643f1858264 - 2024-11-21T10:48:25.343Z
2024-11-21T10:48:25.350Z info: GET /api/ratings/6716188faeefa643f1858265 - 2024-11-21T10:48:25.350Z
2024-11-21T10:48:27.503Z info: PUT /api/ratings/6716188faeefa643f1858265 - 2024-11-21T10:48:27.503Z
2024-11-21T10:48:43.630Z info: PUT /api/ratings/6716188faeefa643f1858261 - 2024-11-21T10:48:43.630Z
2024-11-21T10:48:45.764Z info: GET /detalles/6716188faeefa643f1858261 - 2024-11-21T10:48:45.764Z
2024-11-21T10:48:45.928Z info: GET /api/ratings/6716188faeefa643f1858261 - 2024-11-21T10:48:45.928Z
2024-11-21T10:48:47.096Z info: PUT /api/ratings/6716188faeefa643f1858261 - 2024-11-21T10:48:47.096Z
2024-11-21T10:48:52.480Z info: GET /categoria/electronics - 2024-11-21T10:48:52.480Z
2024-11-21T10:48:52.591Z info: GET /api/ratings/6716188faeefa643f1858261 - 2024-11-21T10:48:52.591Z
2024-11-21T10:48:52.594Z info: GET /api/ratings/6716188faeefa643f1858262 - 2024-11-21T10:48:52.594Z
2024-11-21T10:48:52.602Z info: GET /api/ratings/6716188faeefa643f1858263 - 2024-11-21T10:48:52.602Z
2024-11-21T10:48:52.604Z info: GET /api/ratings/6716188faeefa643f1858264 - 2024-11-21T10:48:52.604Z
2024-11-21T10:48:52.611Z info: GET /api/ratings/6716188faeefa643f1858265 - 2024-11-21T10:48:52.611Z
2024-11-21T10:48:52.618Z info: GET /api/ratings/6716188faeefa643f1858266 - 2024-11-21T10:48:52.618Z
2024-11-21T10:48:53.484Z info: PUT /api/ratings/6716188faeefa643f1858261 - 2024-11-21T10:48:53.484Z
2024-11-21T10:48:55.082Z info: GET /categoria/electronics - 2024-11-21T10:48:55.082Z
2024-11-21T10:48:55.205Z info: GET /api/ratings/6716188faeefa643f1858261 - 2024-11-21T10:48:55.205Z
2024-11-21T10:48:55.207Z info: GET /api/ratings/6716188faeefa643f1858262 - 2024-11-21T10:48:55.207Z
2024-11-21T10:48:55.215Z info: GET /api/ratings/6716188faeefa643f1858263 - 2024-11-21T10:48:55.215Z
2024-11-21T10:48:55.217Z info: GET /api/ratings/6716188faeefa643f1858264 - 2024-11-21T10:48:55.217Z
2024-11-21T10:48:55.222Z info: GET /api/ratings/6716188faeefa643f1858265 - 2024-11-21T10:48:55.222Z
2024-11-21T10:48:55.230Z info: GET /api/ratings/6716188faeefa643f1858266 - 2024-11-21T10:48:55.230Z
2024-11-21T10:48:56.164Z info: PUT /api/ratings/6716188faeefa643f1858261 - 2024-11-21T10:48:56.164Z
2024-11-21T10:48:57.185Z info: GET /categoria/electronics - 2024-11-21T10:48:57.185Z
2024-11-21T10:48:57.302Z info: GET /api/ratings/6716188faeefa643f1858261 - 2024-11-21T10:48:57.302Z
2024-11-21T10:48:57.306Z info: GET /api/ratings/6716188faeefa643f1858262 - 2024-11-21T10:48:57.306Z
2024-11-21T10:48:57.313Z info: GET /api/ratings/6716188faeefa643f1858263 - 2024-11-21T10:48:57.313Z
2024-11-21T10:48:57.315Z info: GET /api/ratings/6716188faeefa643f1858264 - 2024-11-21T10:48:57.315Z
2024-11-21T10:48:57.318Z info: GET /api/ratings/6716188faeefa643f1858265 - 2024-11-21T10:48:57.317Z
2024-11-21T10:48:57.320Z info: GET /api/ratings/6716188faeefa643f1858266 - 2024-11-21T10:48:57.320Z
2024-11-21T10:48:57.868Z info: PUT /api/ratings/6716188faeefa643f1858261 - 2024-11-21T10:48:57.868Z
2024-11-21T10:48:58.902Z info: GET /categoria/electronics - 2024-11-21T10:48:58.902Z
2024-11-21T10:48:58.993Z info: GET /api/ratings/6716188faeefa643f1858261 - 2024-11-21T10:48:58.993Z
2024-11-21T10:48:58.997Z info: GET /api/ratings/6716188faeefa643f1858262 - 2024-11-21T10:48:58.997Z
2024-11-21T10:48:59.002Z info: GET /api/ratings/6716188faeefa643f1858263 - 2024-11-21T10:48:59.002Z
2024-11-21T10:48:59.010Z info: GET /api/ratings/6716188faeefa643f1858264 - 2024-11-21T10:48:59.010Z
2024-11-21T10:48:59.021Z info: GET /api/ratings/6716188faeefa643f1858265 - 2024-11-21T10:48:59.021Z
2024-11-21T10:48:59.022Z info: GET /api/ratings/6716188faeefa643f1858266 - 2024-11-21T10:48:59.022Z
2024-11-21T10:48:59.669Z info: PUT /api/ratings/6716188faeefa643f1858261 - 2024-11-21T10:48:59.669Z
2024-11-21T10:49:00.512Z info: GET /categoria/electronics - 2024-11-21T10:49:00.512Z
2024-11-21T10:49:00.637Z info: GET /api/ratings/6716188faeefa643f1858261 - 2024-11-21T10:49:00.637Z
2024-11-21T10:49:00.641Z info: GET /api/ratings/6716188faeefa643f1858262 - 2024-11-21T10:49:00.641Z
2024-11-21T10:49:00.646Z info: GET /api/ratings/6716188faeefa643f1858263 - 2024-11-21T10:49:00.646Z
2024-11-21T10:49:00.649Z info: GET /api/ratings/6716188faeefa643f1858264 - 2024-11-21T10:49:00.649Z
2024-11-21T10:49:00.667Z info: GET /api/ratings/6716188faeefa643f1858265 - 2024-11-21T10:49:00.667Z
2024-11-21T10:49:00.669Z info: GET /api/ratings/6716188faeefa643f1858266 - 2024-11-21T10:49:00.669Z
2024-11-21T10:49:01.211Z info: PUT /api/ratings/6716188faeefa643f1858261 - 2024-11-21T10:49:01.211Z
2024-11-21T10:49:01.897Z info: GET /categoria/electronics - 2024-11-21T10:49:01.897Z
2024-11-21T10:49:01.996Z info: GET /api/ratings/6716188faeefa643f1858261 - 2024-11-21T10:49:01.996Z
2024-11-21T10:49:02.000Z info: GET /api/ratings/6716188faeefa643f1858262 - 2024-11-21T10:49:02.000Z
2024-11-21T10:49:02.006Z info: GET /api/ratings/6716188faeefa643f1858263 - 2024-11-21T10:49:02.006Z
2024-11-21T10:49:02.008Z info: GET /api/ratings/6716188faeefa643f1858264 - 2024-11-21T10:49:02.008Z
2024-11-21T10:49:02.010Z info: GET /api/ratings/6716188faeefa643f1858265 - 2024-11-21T10:49:02.010Z
2024-11-21T10:49:02.015Z info: GET /api/ratings/6716188faeefa643f1858266 - 2024-11-21T10:49:02.015Z
2024-11-21T10:49:03.070Z info: PUT /api/ratings/6716188faeefa643f1858261 - 2024-11-21T10:49:03.070Z
2024-11-21T10:49:03.693Z info: GET /categoria/electronics - 2024-11-21T10:49:03.693Z
2024-11-21T10:49:03.788Z info: GET /api/ratings/6716188faeefa643f1858261 - 2024-11-21T10:49:03.788Z
2024-11-21T10:49:03.791Z info: GET /api/ratings/6716188faeefa643f1858262 - 2024-11-21T10:49:03.791Z
2024-11-21T10:49:03.794Z info: GET /api/ratings/6716188faeefa643f1858263 - 2024-11-21T10:49:03.794Z
2024-11-21T10:49:03.801Z info: GET /api/ratings/6716188faeefa643f1858264 - 2024-11-21T10:49:03.801Z
2024-11-21T10:49:03.807Z info: GET /api/ratings/6716188faeefa643f1858265 - 2024-11-21T10:49:03.807Z
2024-11-21T10:49:03.818Z info: GET /api/ratings/6716188faeefa643f1858266 - 2024-11-21T10:49:03.818Z
2024-11-21T10:49:04.295Z info: PUT /api/ratings/6716188faeefa643f1858261 - 2024-11-21T10:49:04.295Z
2024-11-21T10:49:04.860Z info: GET /categoria/electronics - 2024-11-21T10:49:04.860Z
2024-11-21T10:49:04.963Z info: GET /api/ratings/6716188faeefa643f1858261 - 2024-11-21T10:49:04.963Z
2024-11-21T10:49:04.966Z info: GET /api/ratings/6716188faeefa643f1858262 - 2024-11-21T10:49:04.965Z
2024-11-21T10:49:04.971Z info: GET /api/ratings/6716188faeefa643f1858263 - 2024-11-21T10:49:04.971Z
2024-11-21T10:49:04.975Z info: GET /api/ratings/6716188faeefa643f1858264 - 2024-11-21T10:49:04.975Z
2024-11-21T10:49:04.981Z info: GET /api/ratings/6716188faeefa643f1858265 - 2024-11-21T10:49:04.981Z
2024-11-21T10:49:04.984Z info: GET /api/ratings/6716188faeefa643f1858266 - 2024-11-21T10:49:04.984Z
2024-11-21T10:49:05.527Z info: PUT /api/ratings/6716188faeefa643f1858261 - 2024-11-21T10:49:05.527Z
2024-11-21T10:49:05.840Z info: GET /categoria/electronics - 2024-11-21T10:49:05.840Z
2024-11-21T10:49:05.942Z info: GET /api/ratings/6716188faeefa643f1858261 - 2024-11-21T10:49:05.942Z
2024-11-21T10:49:05.951Z info: GET /api/ratings/6716188faeefa643f1858262 - 2024-11-21T10:49:05.951Z
2024-11-21T10:49:05.954Z info: GET /api/ratings/6716188faeefa643f1858263 - 2024-11-21T10:49:05.954Z
2024-11-21T10:49:05.956Z info: GET /api/ratings/6716188faeefa643f1858264 - 2024-11-21T10:49:05.956Z
2024-11-21T10:49:05.968Z info: GET /api/ratings/6716188faeefa643f1858265 - 2024-11-21T10:49:05.968Z
2024-11-21T10:49:05.971Z info: GET /api/ratings/6716188faeefa643f1858266 - 2024-11-21T10:49:05.971Z
2024-11-21T10:49:06.380Z info: PUT /api/ratings/6716188faeefa643f1858261 - 2024-11-21T10:49:06.380Z
2024-11-21T10:49:06.500Z info: GET /categoria/electronics - 2024-11-21T10:49:06.500Z
2024-11-21T10:49:06.592Z info: GET /api/ratings/6716188faeefa643f1858261 - 2024-11-21T10:49:06.592Z
2024-11-21T10:49:06.595Z info: GET /api/ratings/6716188faeefa643f1858262 - 2024-11-21T10:49:06.595Z
2024-11-21T10:49:06.611Z info: GET /api/ratings/6716188faeefa643f1858263 - 2024-11-21T10:49:06.611Z
2024-11-21T10:49:06.614Z info: GET /api/ratings/6716188faeefa643f1858264 - 2024-11-21T10:49:06.613Z
2024-11-21T10:49:06.619Z info: GET /api/ratings/6716188faeefa643f1858265 - 2024-11-21T10:49:06.619Z
2024-11-21T10:49:06.625Z info: GET /api/ratings/6716188faeefa643f1858266 - 2024-11-21T10:49:06.625Z
2024-11-21T10:49:07.032Z info: PUT /api/ratings/6716188faeefa643f1858261 - 2024-11-21T10:49:07.031Z
2024-11-21T10:49:07.077Z info: GET /categoria/electronics - 2024-11-21T10:49:07.077Z
2024-11-21T10:49:07.176Z info: GET /api/ratings/6716188faeefa643f1858261 - 2024-11-21T10:49:07.176Z
2024-11-21T10:49:07.178Z info: GET /api/ratings/6716188faeefa643f1858262 - 2024-11-21T10:49:07.178Z
2024-11-21T10:49:07.185Z info: GET /api/ratings/6716188faeefa643f1858263 - 2024-11-21T10:49:07.185Z
2024-11-21T10:49:07.188Z info: GET /api/ratings/6716188faeefa643f1858264 - 2024-11-21T10:49:07.188Z
2024-11-21T10:49:07.190Z info: GET /api/ratings/6716188faeefa643f1858265 - 2024-11-21T10:49:07.190Z
2024-11-21T10:49:07.192Z info: GET /api/ratings/6716188faeefa643f1858266 - 2024-11-21T10:49:07.192Z
2024-11-21T10:49:07.531Z info: GET /categoria/electronics - 2024-11-21T10:49:07.531Z
2024-11-21T10:49:07.567Z info: PUT /api/ratings/6716188faeefa643f1858261 - 2024-11-21T10:49:07.567Z
2024-11-21T10:49:07.645Z info: GET /api/ratings/6716188faeefa643f1858261 - 2024-11-21T10:49:07.644Z
2024-11-21T10:49:07.646Z info: GET /api/ratings/6716188faeefa643f1858262 - 2024-11-21T10:49:07.646Z
2024-11-21T10:49:07.657Z info: GET /api/ratings/6716188faeefa643f1858263 - 2024-11-21T10:49:07.657Z
2024-11-21T10:49:07.658Z info: GET /api/ratings/6716188faeefa643f1858264 - 2024-11-21T10:49:07.658Z
2024-11-21T10:49:07.662Z info: GET /api/ratings/6716188faeefa643f1858265 - 2024-11-21T10:49:07.662Z
2024-11-21T10:49:07.664Z info: GET /api/ratings/6716188faeefa643f1858266 - 2024-11-21T10:49:07.664Z
2024-11-21T10:49:08.044Z info: PUT /api/ratings/6716188faeefa643f1858261 - 2024-11-21T10:49:08.044Z
2024-11-21T10:49:10.445Z info: GET /categoria/electronics - 2024-11-21T10:49:10.445Z
2024-11-21T10:49:10.553Z info: GET /api/ratings/6716188faeefa643f1858261 - 2024-11-21T10:49:10.553Z
2024-11-21T10:49:10.557Z info: GET /api/ratings/6716188faeefa643f1858262 - 2024-11-21T10:49:10.557Z
2024-11-21T10:49:10.559Z info: GET /api/ratings/6716188faeefa643f1858263 - 2024-11-21T10:49:10.559Z
2024-11-21T10:49:10.562Z info: GET /api/ratings/6716188faeefa643f1858264 - 2024-11-21T10:49:10.562Z
2024-11-21T10:49:10.578Z info: GET /api/ratings/6716188faeefa643f1858265 - 2024-11-21T10:49:10.578Z
2024-11-21T10:49:10.582Z info: GET /api/ratings/6716188faeefa643f1858266 - 2024-11-21T10:49:10.582Z
2024-11-21T10:49:12.832Z info: PUT /api/ratings/6716188faeefa643f1858261 - 2024-11-21T10:49:12.832Z
2024-11-21T10:49:13.387Z info: GET /categoria/electronics - 2024-11-21T10:49:13.386Z
2024-11-21T10:49:13.499Z info: GET /api/ratings/6716188faeefa643f1858261 - 2024-11-21T10:49:13.499Z
2024-11-21T10:49:13.506Z info: GET /api/ratings/6716188faeefa643f1858262 - 2024-11-21T10:49:13.506Z
2024-11-21T10:49:13.508Z info: GET /api/ratings/6716188faeefa643f1858263 - 2024-11-21T10:49:13.508Z
2024-11-21T10:49:13.510Z info: GET /api/ratings/6716188faeefa643f1858264 - 2024-11-21T10:49:13.510Z
2024-11-21T10:49:13.517Z info: GET /api/ratings/6716188faeefa643f1858265 - 2024-11-21T10:49:13.517Z
2024-11-21T10:49:13.519Z info: GET /api/ratings/6716188faeefa643f1858266 - 2024-11-21T10:49:13.519Z
2024-11-21T10:49:13.837Z info: PUT /api/ratings/6716188faeefa643f1858261 - 2024-11-21T10:49:13.837Z
2024-11-21T10:49:14.243Z info: GET /categoria/electronics - 2024-11-21T10:49:14.243Z
2024-11-21T10:49:14.348Z info: GET /api/ratings/6716188faeefa643f1858261 - 2024-11-21T10:49:14.348Z
2024-11-21T10:49:14.356Z info: GET /api/ratings/6716188faeefa643f1858262 - 2024-11-21T10:49:14.356Z
2024-11-21T10:49:14.358Z info: GET /api/ratings/6716188faeefa643f1858263 - 2024-11-21T10:49:14.358Z
2024-11-21T10:49:14.361Z info: GET /api/ratings/6716188faeefa643f1858264 - 2024-11-21T10:49:14.360Z
2024-11-21T10:49:14.368Z info: GET /api/ratings/6716188faeefa643f1858265 - 2024-11-21T10:49:14.368Z
2024-11-21T10:49:14.371Z info: GET /api/ratings/6716188faeefa643f1858266 - 2024-11-21T10:49:14.371Z
2024-11-21T10:49:14.908Z info: GET /categoria/electronics - 2024-11-21T10:49:14.908Z
2024-11-21T10:49:14.922Z info: PUT /api/ratings/6716188faeefa643f1858261 - 2024-11-21T10:49:14.922Z
2024-11-21T10:49:15.022Z info: GET /api/ratings/6716188faeefa643f1858261 - 2024-11-21T10:49:15.022Z
2024-11-21T10:49:15.025Z info: GET /api/ratings/6716188faeefa643f1858262 - 2024-11-21T10:49:15.025Z
2024-11-21T10:49:15.027Z info: GET /api/ratings/6716188faeefa643f1858263 - 2024-11-21T10:49:15.027Z
2024-11-21T10:49:15.030Z info: GET /api/ratings/6716188faeefa643f1858264 - 2024-11-21T10:49:15.030Z
2024-11-21T10:49:15.033Z info: GET /api/ratings/6716188faeefa643f1858265 - 2024-11-21T10:49:15.033Z
2024-11-21T10:49:15.043Z info: GET /api/ratings/6716188faeefa643f1858266 - 2024-11-21T10:49:15.043Z
2024-11-21T10:49:15.778Z info: PUT /api/ratings/6716188faeefa643f1858261 - 2024-11-21T10:49:15.778Z
2024-11-21T10:49:16.755Z info: GET /categoria/electronics - 2024-11-21T10:49:16.755Z
2024-11-21T10:49:16.887Z info: GET /api/ratings/6716188faeefa643f1858261 - 2024-11-21T10:49:16.886Z
2024-11-21T10:49:16.904Z info: GET /api/ratings/6716188faeefa643f1858262 - 2024-11-21T10:49:16.904Z
2024-11-21T10:49:16.906Z info: GET /api/ratings/6716188faeefa643f1858263 - 2024-11-21T10:49:16.906Z
2024-11-21T10:49:16.914Z info: GET /api/ratings/6716188faeefa643f1858264 - 2024-11-21T10:49:16.914Z
2024-11-21T10:49:16.916Z info: GET /api/ratings/6716188faeefa643f1858265 - 2024-11-21T10:49:16.916Z
2024-11-21T10:49:16.918Z info: GET /api/ratings/6716188faeefa643f1858266 - 2024-11-21T10:49:16.918Z
2024-11-21T10:49:17.596Z info: GET /categoria/electronics - 2024-11-21T10:49:17.596Z
2024-11-21T10:49:17.633Z info: PUT /api/ratings/6716188faeefa643f1858261 - 2024-11-21T10:49:17.633Z
2024-11-21T10:49:17.719Z info: GET /api/ratings/6716188faeefa643f1858261 - 2024-11-21T10:49:17.719Z
2024-11-21T10:49:17.723Z info: GET /api/ratings/6716188faeefa643f1858262 - 2024-11-21T10:49:17.723Z
2024-11-21T10:49:17.725Z info: GET /api/ratings/6716188faeefa643f1858263 - 2024-11-21T10:49:17.725Z
2024-11-21T10:49:17.739Z info: GET /api/ratings/6716188faeefa643f1858264 - 2024-11-21T10:49:17.739Z
2024-11-21T10:49:17.741Z info: GET /api/ratings/6716188faeefa643f1858265 - 2024-11-21T10:49:17.741Z
2024-11-21T10:49:17.748Z info: GET /api/ratings/6716188faeefa643f1858266 - 2024-11-21T10:49:17.748Z
2024-11-21T10:49:18.459Z info: PUT /api/ratings/6716188faeefa643f1858261 - 2024-11-21T10:49:18.459Z
2024-11-21T10:49:19.140Z info: GET /categoria/electronics - 2024-11-21T10:49:19.140Z
2024-11-21T10:49:19.316Z info: GET /api/ratings/6716188faeefa643f1858261 - 2024-11-21T10:49:19.316Z
2024-11-21T10:49:19.320Z info: GET /api/ratings/6716188faeefa643f1858262 - 2024-11-21T10:49:19.320Z
2024-11-21T10:49:19.326Z info: GET /api/ratings/6716188faeefa643f1858263 - 2024-11-21T10:49:19.326Z
2024-11-21T10:49:19.329Z info: GET /api/ratings/6716188faeefa643f1858264 - 2024-11-21T10:49:19.329Z
2024-11-21T10:49:19.331Z info: GET /api/ratings/6716188faeefa643f1858265 - 2024-11-21T10:49:19.331Z
2024-11-21T10:49:19.338Z info: GET /api/ratings/6716188faeefa643f1858266 - 2024-11-21T10:49:19.338Z
2024-11-21T10:49:19.860Z info: PUT /api/ratings/6716188faeefa643f1858261 - 2024-11-21T10:49:19.860Z
2024-11-21T10:49:51.722Z info: GET /buscar?query=solid - 2024-11-21T10:49:51.722Z
2024-11-21T10:49:53.603Z info: GET /detalles/6716188faeefa643f185825e - 2024-11-21T10:49:53.603Z
2024-11-21T10:49:53.740Z info: GET /api/ratings/6716188faeefa643f185825e - 2024-11-21T10:49:53.740Z
2024-11-21T10:49:56.008Z info: PUT /api/ratings/6716188faeefa643f185825e - 2024-11-21T10:49:56.008Z
2024-11-21T10:49:58.315Z info: GET /detalles/6716188faeefa643f185825e - 2024-11-21T10:49:58.314Z
2024-11-21T10:49:58.414Z info: GET /api/ratings/6716188faeefa643f185825e - 2024-11-21T10:49:58.414Z
2024-11-21T10:49:59.651Z info: PUT /api/ratings/6716188faeefa643f185825e - 2024-11-21T10:49:59.651Z
2024-11-21T10:50:00.439Z info: GET /detalles/6716188faeefa643f185825e - 2024-11-21T10:50:00.439Z
2024-11-21T10:50:00.529Z info: GET /api/ratings/6716188faeefa643f185825e - 2024-11-21T10:50:00.529Z
2024-11-21T10:50:01.107Z info: PUT /api/ratings/6716188faeefa643f185825e - 2024-11-21T10:50:01.107Z
2024-11-21T10:50:01.832Z info: GET /detalles/6716188faeefa643f185825e - 2024-11-21T10:50:01.832Z
2024-11-21T10:50:01.920Z info: GET /api/ratings/6716188faeefa643f185825e - 2024-11-21T10:50:01.920Z
2024-11-21T10:50:02.503Z info: PUT /api/ratings/6716188faeefa643f185825e - 2024-11-21T10:50:02.503Z
2024-11-21T10:50:02.863Z info: GET /detalles/6716188faeefa643f185825e - 2024-11-21T10:50:02.863Z
2024-11-21T10:50:02.957Z info: GET /api/ratings/6716188faeefa643f185825e - 2024-11-21T10:50:02.957Z
2024-11-21T10:50:03.626Z info: PUT /api/ratings/6716188faeefa643f185825e - 2024-11-21T10:50:03.626Z
2024-11-21T10:50:04.364Z info: GET /detalles/6716188faeefa643f185825e - 2024-11-21T10:50:04.364Z
2024-11-21T10:50:04.458Z info: GET /api/ratings/6716188faeefa643f185825e - 2024-11-21T10:50:04.458Z
2024-11-21T10:50:05.013Z info: PUT /api/ratings/6716188faeefa643f185825e - 2024-11-21T10:50:05.013Z
2024-11-21T10:50:06.164Z info: GET /detalles/6716188faeefa643f185825e - 2024-11-21T10:50:06.164Z
2024-11-21T10:50:06.257Z info: GET /api/ratings/6716188faeefa643f185825e - 2024-11-21T10:50:06.257Z
2024-11-21T10:50:06.860Z info: PUT /api/ratings/6716188faeefa643f185825e - 2024-11-21T10:50:06.860Z
2024-11-21T10:50:07.118Z info: GET /detalles/6716188faeefa643f185825e - 2024-11-21T10:50:07.118Z
2024-11-21T10:50:07.216Z info: GET /api/ratings/6716188faeefa643f185825e - 2024-11-21T10:50:07.216Z
2024-11-21T10:50:07.752Z info: PUT /api/ratings/6716188faeefa643f185825e - 2024-11-21T10:50:07.752Z
2024-11-21T10:50:10.939Z info: GET /detalles/6716188faeefa643f185825e - 2024-11-21T10:50:10.939Z
2024-11-21T10:50:11.044Z info: GET /api/ratings/6716188faeefa643f185825e - 2024-11-21T10:50:11.043Z
2024-11-21T10:50:12.004Z info: PUT /api/ratings/6716188faeefa643f185825e - 2024-11-21T10:50:12.004Z
2024-11-21T10:50:12.280Z info: GET /detalles/6716188faeefa643f185825e - 2024-11-21T10:50:12.280Z
2024-11-21T10:50:12.376Z info: GET /api/ratings/6716188faeefa643f185825e - 2024-11-21T10:50:12.376Z
2024-11-21T10:50:13.038Z info: PUT /api/ratings/6716188faeefa643f185825e - 2024-11-21T10:50:13.038Z
2024-11-21T10:50:13.325Z info: GET /detalles/6716188faeefa643f185825e - 2024-11-21T10:50:13.325Z
2024-11-21T10:50:13.425Z info: GET /api/ratings/6716188faeefa643f185825e - 2024-11-21T10:50:13.425Z
2024-11-21T10:50:14.057Z info: PUT /api/ratings/6716188faeefa643f185825e - 2024-11-21T10:50:14.057Z
2024-11-21T10:50:14.775Z info: GET /detalles/6716188faeefa643f185825e - 2024-11-21T10:50:14.775Z
2024-11-21T10:50:14.857Z info: GET /api/ratings/6716188faeefa643f185825e - 2024-11-21T10:50:14.857Z
2024-11-21T10:50:15.409Z info: PUT /api/ratings/6716188faeefa643f185825e - 2024-11-21T10:50:15.409Z
2024-11-21T10:50:15.700Z info: GET /detalles/6716188faeefa643f185825e - 2024-11-21T10:50:15.700Z
2024-11-21T10:50:15.788Z info: GET /api/ratings/6716188faeefa643f185825e - 2024-11-21T10:50:15.788Z
2024-11-21T10:50:16.427Z info: PUT /api/ratings/6716188faeefa643f185825e - 2024-11-21T10:50:16.427Z
2024-11-21T10:50:16.691Z info: GET /detalles/6716188faeefa643f185825e - 2024-11-21T10:50:16.691Z
2024-11-21T10:50:16.792Z info: GET /api/ratings/6716188faeefa643f185825e - 2024-11-21T10:50:16.792Z
2024-11-21T10:50:17.418Z info: PUT /api/ratings/6716188faeefa643f185825e - 2024-11-21T10:50:17.418Z
2024-11-21T10:50:17.750Z info: GET /detalles/6716188faeefa643f185825e - 2024-11-21T10:50:17.750Z
2024-11-21T10:50:17.842Z info: GET /api/ratings/6716188faeefa643f185825e - 2024-11-21T10:50:17.842Z
2024-11-21T10:50:18.454Z info: PUT /api/ratings/6716188faeefa643f185825e - 2024-11-21T10:50:18.454Z
2024-11-21T10:50:18.733Z info: GET /detalles/6716188faeefa643f185825e - 2024-11-21T10:50:18.733Z
2024-11-21T10:50:18.837Z info: GET /api/ratings/6716188faeefa643f185825e - 2024-11-21T10:50:18.837Z
2024-11-21T10:50:19.452Z info: PUT /api/ratings/6716188faeefa643f185825e - 2024-11-21T10:50:19.452Z
2024-11-21T10:50:19.758Z info: GET /detalles/6716188faeefa643f185825e - 2024-11-21T10:50:19.758Z
2024-11-21T10:50:19.854Z info: GET /api/ratings/6716188faeefa643f185825e - 2024-11-21T10:50:19.854Z
2024-11-21T10:50:20.440Z info: PUT /api/ratings/6716188faeefa643f185825e - 2024-11-21T10:50:20.440Z
2024-11-21T10:50:20.695Z info: GET /detalles/6716188faeefa643f185825e - 2024-11-21T10:50:20.695Z
2024-11-21T10:50:20.794Z info: GET /api/ratings/6716188faeefa643f185825e - 2024-11-21T10:50:20.794Z
2024-11-21T10:50:21.410Z info: PUT /api/ratings/6716188faeefa643f185825e - 2024-11-21T10:50:21.410Z
2024-11-21T10:50:21.617Z info: GET /detalles/6716188faeefa643f185825e - 2024-11-21T10:50:21.617Z
2024-11-21T10:50:21.710Z info: GET /api/ratings/6716188faeefa643f185825e - 2024-11-21T10:50:21.710Z
2024-11-21T10:50:22.286Z info: PUT /api/ratings/6716188faeefa643f185825e - 2024-11-21T10:50:22.286Z
2024-11-21T10:50:22.420Z info: GET /detalles/6716188faeefa643f185825e - 2024-11-21T10:50:22.420Z
2024-11-21T10:50:22.518Z info: GET /api/ratings/6716188faeefa643f185825e - 2024-11-21T10:50:22.518Z
2024-11-21T10:50:22.999Z info: PUT /api/ratings/6716188faeefa643f185825e - 2024-11-21T10:50:22.999Z
2024-11-21T10:50:26.355Z info: GET /detalles/6716188faeefa643f185825e - 2024-11-21T10:50:26.355Z
2024-11-21T10:50:26.456Z info: GET /api/ratings/6716188faeefa643f185825e - 2024-11-21T10:50:26.456Z
2024-11-21T10:50:26.894Z info: PUT /api/ratings/6716188faeefa643f185825e - 2024-11-21T10:50:26.893Z
2024-11-21T10:50:28.775Z info: GET /detalles/6716188faeefa643f185825e - 2024-11-21T10:50:28.775Z
2024-11-21T10:50:28.867Z info: GET /api/ratings/6716188faeefa643f185825e - 2024-11-21T10:50:28.867Z
2024-11-21T10:50:29.597Z info: PUT /api/ratings/6716188faeefa643f185825e - 2024-11-21T10:50:29.597Z
2024-11-21T10:50:29.824Z info: GET /detalles/6716188faeefa643f185825e - 2024-11-21T10:50:29.824Z
2024-11-21T10:50:29.918Z info: GET /api/ratings/6716188faeefa643f185825e - 2024-11-21T10:50:29.918Z
2024-11-21T10:50:30.608Z info: PUT /api/ratings/6716188faeefa643f185825e - 2024-11-21T10:50:30.608Z
2024-11-21T10:50:34.832Z info: GET /detalles/6716188faeefa643f185825e - 2024-11-21T10:50:34.832Z
2024-11-21T10:50:34.912Z info: GET /api/ratings/6716188faeefa643f185825e - 2024-11-21T10:50:34.912Z
2024-11-21T10:50:35.465Z info: PUT /api/ratings/6716188faeefa643f185825e - 2024-11-21T10:50:35.465Z
2024-11-21T10:50:35.840Z info: GET /detalles/6716188faeefa643f185825e - 2024-11-21T10:50:35.840Z
2024-11-21T10:50:35.929Z info: GET /api/ratings/6716188faeefa643f185825e - 2024-11-21T10:50:35.929Z
2024-11-21T10:50:36.573Z info: PUT /api/ratings/6716188faeefa643f185825e - 2024-11-21T10:50:36.573Z
2024-11-21T10:50:37.043Z info: GET /detalles/6716188faeefa643f185825e - 2024-11-21T10:50:37.043Z
2024-11-21T10:50:37.162Z info: GET /api/ratings/6716188faeefa643f185825e - 2024-11-21T10:50:37.162Z
2024-11-21T10:50:38.250Z info: PUT /api/ratings/6716188faeefa643f185825e - 2024-11-21T10:50:38.250Z
2024-11-21T10:50:38.500Z info: GET /detalles/6716188faeefa643f185825e - 2024-11-21T10:50:38.500Z
2024-11-21T10:50:38.588Z info: GET /api/ratings/6716188faeefa643f185825e - 2024-11-21T10:50:38.588Z
2024-11-21T10:50:49.827Z info: PUT /api/ratings/6716188faeefa643f185825e - 2024-11-21T10:50:49.827Z
2024-11-21T10:50:50.763Z info: GET /detalles/6716188faeefa643f185825e - 2024-11-21T10:50:50.762Z
2024-11-21T10:50:50.872Z info: GET /api/ratings/6716188faeefa643f185825e - 2024-11-21T10:50:50.872Z
2024-11-21T10:50:51.305Z info: PUT /api/ratings/6716188faeefa643f185825e - 2024-11-21T10:50:51.305Z
2024-11-21T10:50:51.773Z info: GET /detalles/6716188faeefa643f185825e - 2024-11-21T10:50:51.773Z
2024-11-21T10:50:51.867Z info: GET /api/ratings/6716188faeefa643f185825e - 2024-11-21T10:50:51.867Z
2024-11-21T10:50:52.738Z info: PUT /api/ratings/6716188faeefa643f185825e - 2024-11-21T10:50:52.738Z
2024-11-21T10:50:53.044Z info: GET /detalles/6716188faeefa643f185825e - 2024-11-21T10:50:53.043Z
2024-11-21T10:50:53.148Z info: GET /api/ratings/6716188faeefa643f185825e - 2024-11-21T10:50:53.148Z
2024-11-21T10:50:53.770Z info: PUT /api/ratings/6716188faeefa643f185825e - 2024-11-21T10:50:53.770Z
2024-11-21T10:50:54.053Z info: GET /detalles/6716188faeefa643f185825e - 2024-11-21T10:50:54.053Z
2024-11-21T10:50:54.150Z info: GET /api/ratings/6716188faeefa643f185825e - 2024-11-21T10:50:54.150Z
2024-11-21T10:50:54.745Z info: PUT /api/ratings/6716188faeefa643f185825e - 2024-11-21T10:50:54.745Z
2024-11-21T10:50:55.057Z info: GET /detalles/6716188faeefa643f185825e - 2024-11-21T10:50:55.057Z
2024-11-21T10:50:55.148Z info: GET /api/ratings/6716188faeefa643f185825e - 2024-11-21T10:50:55.148Z
2024-11-21T10:51:04.299Z info: PUT /api/ratings/6716188faeefa643f185825e - 2024-11-21T10:51:04.299Z
2024-11-21T10:51:05.141Z info: GET /detalles/6716188faeefa643f185825e - 2024-11-21T10:51:05.141Z
2024-11-21T10:51:05.251Z info: GET /api/ratings/6716188faeefa643f185825e - 2024-11-21T10:51:05.251Z
2024-11-21T10:51:19.910Z info: PUT /api/ratings/6716188faeefa643f185825e - 2024-11-21T10:51:19.910Z
2024-11-21T10:51:23.243Z info: GET /detalles/6716188faeefa643f185825e - 2024-11-21T10:51:23.243Z
2024-11-21T10:51:23.342Z info: GET /api/ratings/6716188faeefa643f185825e - 2024-11-21T10:51:23.342Z
2024-11-21T10:51:24.079Z info: PUT /api/ratings/6716188faeefa643f185825e - 2024-11-21T10:51:24.079Z
2024-11-21T10:51:24.444Z info: GET /detalles/6716188faeefa643f185825e - 2024-11-21T10:51:24.444Z
2024-11-21T10:51:24.534Z info: GET /api/ratings/6716188faeefa643f185825e - 2024-11-21T10:51:24.534Z
2024-11-21T10:51:25.005Z info: PUT /api/ratings/6716188faeefa643f185825e - 2024-11-21T10:51:25.005Z
2024-11-21T10:51:25.349Z info: GET /detalles/6716188faeefa643f185825e - 2024-11-21T10:51:25.349Z
2024-11-21T10:51:25.434Z info: GET /api/ratings/6716188faeefa643f185825e - 2024-11-21T10:51:25.434Z
2024-11-21T10:51:25.811Z info: PUT /api/ratings/6716188faeefa643f185825e - 2024-11-21T10:51:25.811Z
2024-11-21T10:51:26.183Z info: GET /detalles/6716188faeefa643f185825e - 2024-11-21T10:51:26.183Z
2024-11-21T10:51:26.279Z info: GET /api/ratings/6716188faeefa643f185825e - 2024-11-21T10:51:26.279Z
2024-11-21T10:51:26.677Z info: PUT /api/ratings/6716188faeefa643f185825e - 2024-11-21T10:51:26.677Z
2024-11-21T10:51:27.077Z info: GET /detalles/6716188faeefa643f185825e - 2024-11-21T10:51:27.076Z
2024-11-21T10:51:27.166Z info: GET /api/ratings/6716188faeefa643f185825e - 2024-11-21T10:51:27.166Z
2024-11-21T10:51:27.541Z info: PUT /api/ratings/6716188faeefa643f185825e - 2024-11-21T10:51:27.541Z
2024-11-21T10:51:27.916Z info: GET /detalles/6716188faeefa643f185825e - 2024-11-21T10:51:27.916Z
2024-11-21T10:51:28.005Z info: GET /api/ratings/6716188faeefa643f185825e - 2024-11-21T10:51:28.005Z
2024-11-21T10:51:28.395Z info: PUT /api/ratings/6716188faeefa643f185825e - 2024-11-21T10:51:28.395Z
2024-11-21T10:51:28.814Z info: GET /detalles/6716188faeefa643f185825e - 2024-11-21T10:51:28.814Z
2024-11-21T10:51:28.941Z info: GET /api/ratings/6716188faeefa643f185825e - 2024-11-21T10:51:28.941Z
2024-11-21T10:51:29.272Z info: PUT /api/ratings/6716188faeefa643f185825e - 2024-11-21T10:51:29.272Z
2024-11-21T10:51:29.671Z info: GET /detalles/6716188faeefa643f185825e - 2024-11-21T10:51:29.671Z
2024-11-21T10:51:29.766Z info: GET /api/ratings/6716188faeefa643f185825e - 2024-11-21T10:51:29.766Z
2024-11-21T10:51:30.230Z info: PUT /api/ratings/6716188faeefa643f185825e - 2024-11-21T10:51:30.230Z
2024-11-21T10:51:30.555Z info: GET /detalles/6716188faeefa643f185825e - 2024-11-21T10:51:30.555Z
2024-11-21T10:51:30.647Z info: GET /api/ratings/6716188faeefa643f185825e - 2024-11-21T10:51:30.646Z
2024-11-21T10:51:31.035Z info: PUT /api/ratings/6716188faeefa643f185825e - 2024-11-21T10:51:31.035Z
2024-11-21T10:51:31.510Z info: GET /detalles/6716188faeefa643f185825e - 2024-11-21T10:51:31.509Z
2024-11-21T10:51:31.600Z info: GET /api/ratings/6716188faeefa643f185825e - 2024-11-21T10:51:31.600Z
2024-11-21T10:51:31.853Z info: PUT /api/ratings/6716188faeefa643f185825e - 2024-11-21T10:51:31.852Z
2024-11-21T10:51:32.364Z info: GET /detalles/6716188faeefa643f185825e - 2024-11-21T10:51:32.364Z
2024-11-21T10:51:32.477Z info: GET /api/ratings/6716188faeefa643f185825e - 2024-11-21T10:51:32.477Z
2024-11-21T10:51:32.733Z info: PUT /api/ratings/6716188faeefa643f185825e - 2024-11-21T10:51:32.733Z
2024-11-21T10:51:33.223Z info: GET /detalles/6716188faeefa643f185825e - 2024-11-21T10:51:33.223Z
2024-11-21T10:51:33.315Z info: GET /api/ratings/6716188faeefa643f185825e - 2024-11-21T10:51:33.315Z
2024-11-21T10:51:33.569Z info: PUT /api/ratings/6716188faeefa643f185825e - 2024-11-21T10:51:33.569Z
2024-11-21T10:51:34.085Z info: GET /detalles/6716188faeefa643f185825e - 2024-11-21T10:51:34.085Z
2024-11-21T10:51:34.175Z info: GET /api/ratings/6716188faeefa643f185825e - 2024-11-21T10:51:34.174Z
2024-11-21T10:51:34.418Z info: PUT /api/ratings/6716188faeefa643f185825e - 2024-11-21T10:51:34.418Z
2024-11-21T10:51:35.470Z info: GET /detalles/6716188faeefa643f185825e - 2024-11-21T10:51:35.470Z
2024-11-21T10:51:35.576Z info: GET /api/ratings/6716188faeefa643f185825e - 2024-11-21T10:51:35.576Z
2024-11-21T10:51:36.223Z info: GET /detalles/6716188faeefa643f185825e - 2024-11-21T10:51:36.223Z
2024-11-21T10:51:36.314Z info: GET /api/ratings/6716188faeefa643f185825e - 2024-11-21T10:51:36.314Z
2024-11-21T10:51:36.600Z info: PUT /api/ratings/6716188faeefa643f185825e - 2024-11-21T10:51:36.600Z
2024-11-21T10:51:37.218Z info: GET /detalles/6716188faeefa643f185825e - 2024-11-21T10:51:37.218Z
2024-11-21T10:51:37.303Z info: GET /api/ratings/6716188faeefa643f185825e - 2024-11-21T10:51:37.303Z
2024-11-21T10:51:37.603Z info: PUT /api/ratings/6716188faeefa643f185825e - 2024-11-21T10:51:37.603Z
2024-11-21T10:51:38.438Z info: GET /detalles/6716188faeefa643f185825e - 2024-11-21T10:51:38.438Z
2024-11-21T10:51:38.587Z info: GET /api/ratings/6716188faeefa643f185825e - 2024-11-21T10:51:38.587Z
2024-11-21T10:51:38.878Z info: PUT /api/ratings/6716188faeefa643f185825e - 2024-11-21T10:51:38.878Z
2024-11-21T10:54:08.625Z info: GET /detalles/6716188faeefa643f185825e - 2024-11-21T10:54:08.625Z
2024-11-21T10:54:08.739Z info: GET /api/ratings/6716188faeefa643f185825e - 2024-11-21T10:54:08.739Z
2024-11-21T10:54:10.716Z info: PUT /api/ratings/6716188faeefa643f185825e - 2024-11-21T10:54:10.716Z
2024-11-21T10:54:19.029Z info: GET /detalles/6716188faeefa643f185825e - 2024-11-21T10:54:19.029Z
2024-11-21T10:54:19.120Z info: GET /api/ratings/6716188faeefa643f185825e - 2024-11-21T10:54:19.120Z
2024-11-21T10:54:20.165Z info: PUT /api/ratings/6716188faeefa643f185825e - 2024-11-21T10:54:20.165Z
2024-11-21T10:54:22.032Z info: GET /detalles/6716188faeefa643f185825e - 2024-11-21T10:54:22.032Z
2024-11-21T10:54:22.124Z info: GET /api/ratings/6716188faeefa643f185825e - 2024-11-21T10:54:22.124Z
2024-11-21T10:54:22.996Z info: PUT /api/ratings/6716188faeefa643f185825e - 2024-11-21T10:54:22.996Z
2024-11-21T10:54:24.033Z info: GET /detalles/6716188faeefa643f185825e - 2024-11-21T10:54:24.033Z
2024-11-21T10:54:24.120Z info: GET /api/ratings/6716188faeefa643f185825e - 2024-11-21T10:54:24.120Z
2024-11-21T10:54:24.687Z info: PUT /api/ratings/6716188faeefa643f185825e - 2024-11-21T10:54:24.687Z
2024-11-21T10:54:25.044Z info: GET /detalles/6716188faeefa643f185825e - 2024-11-21T10:54:25.044Z
2024-11-21T10:54:25.136Z info: GET /api/ratings/6716188faeefa643f185825e - 2024-11-21T10:54:25.136Z
2024-11-21T10:54:25.740Z info: PUT /api/ratings/6716188faeefa643f185825e - 2024-11-21T10:54:25.740Z
2024-11-21T10:54:26.016Z info: GET /detalles/6716188faeefa643f185825e - 2024-11-21T10:54:26.016Z
2024-11-21T10:54:26.111Z info: GET /api/ratings/6716188faeefa643f185825e - 2024-11-21T10:54:26.111Z
2024-11-21T10:54:26.689Z info: PUT /api/ratings/6716188faeefa643f185825e - 2024-11-21T10:54:26.689Z
2024-11-21T10:54:27.026Z info: GET /detalles/6716188faeefa643f185825e - 2024-11-21T10:54:27.026Z
2024-11-21T10:54:27.144Z info: GET /api/ratings/6716188faeefa643f185825e - 2024-11-21T10:54:27.143Z
2024-11-21T10:54:27.651Z info: PUT /api/ratings/6716188faeefa643f185825e - 2024-11-21T10:54:27.651Z
2024-11-21T10:54:27.997Z info: GET /detalles/6716188faeefa643f185825e - 2024-11-21T10:54:27.997Z
2024-11-21T10:54:28.096Z info: GET /api/ratings/6716188faeefa643f185825e - 2024-11-21T10:54:28.096Z
2024-11-21T10:54:28.662Z info: PUT /api/ratings/6716188faeefa643f185825e - 2024-11-21T10:54:28.662Z
2024-11-21T10:54:29.178Z info: GET /detalles/6716188faeefa643f185825e - 2024-11-21T10:54:29.178Z
2024-11-21T10:54:29.290Z info: GET /api/ratings/6716188faeefa643f185825e - 2024-11-21T10:54:29.290Z
2024-11-21T10:55:26.735Z info: PUT /api/ratings/6716188faeefa643f185825e - 2024-11-21T10:55:26.735Z
2024-11-21T10:56:12.957Z info: GET / - 2024-11-21T10:56:12.957Z
2024-11-21T10:56:14.994Z info: GET /categoria/electronics - 2024-11-21T10:56:14.994Z
2024-11-21T10:56:15.261Z info: GET /api/ratings/6716188faeefa643f1858261 - 2024-11-21T10:56:15.261Z
2024-11-21T10:56:15.271Z info: GET /api/ratings/6716188faeefa643f1858262 - 2024-11-21T10:56:15.271Z
2024-11-21T10:56:15.274Z info: GET /api/ratings/6716188faeefa643f1858263 - 2024-11-21T10:56:15.274Z
2024-11-21T10:56:15.276Z info: GET /api/ratings/6716188faeefa643f1858264 - 2024-11-21T10:56:15.276Z
2024-11-21T10:56:15.282Z info: GET /api/ratings/6716188faeefa643f1858265 - 2024-11-21T10:56:15.282Z
2024-11-21T10:56:15.301Z info: GET /api/ratings/6716188faeefa643f1858266 - 2024-11-21T10:56:15.301Z
2024-11-21T10:56:16.523Z info: GET /detalles/6716188faeefa643f1858261 - 2024-11-21T10:56:16.523Z
2024-11-21T10:56:16.743Z info: GET /api/ratings/6716188faeefa643f1858261 - 2024-11-21T10:56:16.743Z
2024-11-21T10:56:25.601Z info: GET /categoria/jewelery - 2024-11-21T10:56:25.601Z
2024-11-21T10:56:25.828Z info: GET /api/ratings/6716188faeefa643f185825d - 2024-11-21T10:56:25.828Z
2024-11-21T10:56:25.839Z info: GET /api/ratings/6716188faeefa643f185825e - 2024-11-21T10:56:25.839Z
2024-11-21T10:56:25.842Z info: GET /api/ratings/6716188faeefa643f185825f - 2024-11-21T10:56:25.842Z
2024-11-21T10:56:25.844Z info: GET /api/ratings/6716188faeefa643f1858260 - 2024-11-21T10:56:25.844Z
2024-11-21T10:56:27.811Z info: GET /detalles/6716188faeefa643f185825e - 2024-11-21T10:56:27.811Z
2024-11-21T10:56:28.012Z info: GET /api/ratings/6716188faeefa643f185825e - 2024-11-21T10:56:28.012Z
2024-11-21T10:56:29.727Z info: PUT /api/ratings/6716188faeefa643f185825e - 2024-11-21T10:56:29.727Z
2024-11-21T10:56:31.971Z info: GET /detalles/6716188faeefa643f185825e - 2024-11-21T10:56:31.971Z
2024-11-21T10:56:32.174Z info: GET /api/ratings/6716188faeefa643f185825e - 2024-11-21T10:56:32.174Z
2024-11-21T10:56:32.952Z info: PUT /api/ratings/6716188faeefa643f185825e - 2024-11-21T10:56:32.952Z
2024-11-21T10:56:33.793Z info: GET /detalles/6716188faeefa643f185825e - 2024-11-21T10:56:33.792Z
2024-11-21T10:56:33.991Z info: GET /api/ratings/6716188faeefa643f185825e - 2024-11-21T10:56:33.991Z
2024-11-21T10:56:34.841Z info: PUT /api/ratings/6716188faeefa643f185825e - 2024-11-21T10:56:34.841Z
2024-11-21T10:56:35.587Z info: GET /detalles/6716188faeefa643f185825e - 2024-11-21T10:56:35.587Z
2024-11-21T10:56:35.776Z info: GET /api/ratings/6716188faeefa643f185825e - 2024-11-21T10:56:35.776Z
2024-11-21T10:56:36.383Z info: PUT /api/ratings/6716188faeefa643f185825e - 2024-11-21T10:56:36.383Z
2024-11-21T10:56:37.080Z info: GET /detalles/6716188faeefa643f185825e - 2024-11-21T10:56:37.080Z
2024-11-21T10:56:37.272Z info: GET /api/ratings/6716188faeefa643f185825e - 2024-11-21T10:56:37.272Z
2024-11-21T10:56:37.721Z info: PUT /api/ratings/6716188faeefa643f185825e - 2024-11-21T10:56:37.721Z
2024-11-21T10:56:38.303Z info: GET /detalles/6716188faeefa643f185825e - 2024-11-21T10:56:38.303Z
2024-11-21T10:56:38.519Z info: GET /api/ratings/6716188faeefa643f185825e - 2024-11-21T10:56:38.519Z
2024-11-21T10:56:38.972Z info: PUT /api/ratings/6716188faeefa643f185825e - 2024-11-21T10:56:38.972Z
2024-11-21T10:56:39.604Z info: GET /detalles/6716188faeefa643f185825e - 2024-11-21T10:56:39.604Z
2024-11-21T10:56:39.816Z info: GET /api/ratings/6716188faeefa643f185825e - 2024-11-21T10:56:39.816Z
2024-11-21T10:56:40.618Z info: PUT /api/ratings/6716188faeefa643f185825e - 2024-11-21T10:56:40.618Z
2024-11-21T10:56:41.451Z info: GET /detalles/6716188faeefa643f185825e - 2024-11-21T10:56:41.451Z
2024-11-21T10:56:41.663Z info: GET /api/ratings/6716188faeefa643f185825e - 2024-11-21T10:56:41.663Z
2024-11-21T10:56:42.187Z info: PUT /api/ratings/6716188faeefa643f185825e - 2024-11-21T10:56:42.187Z
2024-11-21T10:56:42.868Z info: GET /detalles/6716188faeefa643f185825e - 2024-11-21T10:56:42.868Z
2024-11-21T10:56:43.074Z info: GET /api/ratings/6716188faeefa643f185825e - 2024-11-21T10:56:43.074Z
2024-11-21T10:56:43.695Z info: PUT /api/ratings/6716188faeefa643f185825e - 2024-11-21T10:56:43.695Z
2024-11-21T10:56:43.934Z info: GET /detalles/6716188faeefa643f185825e - 2024-11-21T10:56:43.934Z
2024-11-21T10:56:44.143Z info: GET /api/ratings/6716188faeefa643f185825e - 2024-11-21T10:56:44.143Z
2024-11-21T10:56:44.778Z info: PUT /api/ratings/6716188faeefa643f185825e - 2024-11-21T10:56:44.778Z
2024-11-21T10:56:45.054Z info: GET /detalles/6716188faeefa643f185825e - 2024-11-21T10:56:45.054Z
2024-11-21T10:56:45.257Z info: GET /api/ratings/6716188faeefa643f185825e - 2024-11-21T10:56:45.257Z
2024-11-21T10:56:45.790Z info: PUT /api/ratings/6716188faeefa643f185825e - 2024-11-21T10:56:45.790Z
2024-11-21T10:56:46.225Z info: GET /detalles/6716188faeefa643f185825e - 2024-11-21T10:56:46.225Z
2024-11-21T10:56:46.444Z info: GET /api/ratings/6716188faeefa643f185825e - 2024-11-21T10:56:46.444Z
2024-11-21T10:56:47.063Z info: PUT /api/ratings/6716188faeefa643f185825e - 2024-11-21T10:56:47.063Z
2024-11-21T10:56:47.547Z info: GET /detalles/6716188faeefa643f185825e - 2024-11-21T10:56:47.547Z
2024-11-21T10:56:47.751Z info: GET /api/ratings/6716188faeefa643f185825e - 2024-11-21T10:56:47.751Z
2024-11-21T10:56:48.301Z info: PUT /api/ratings/6716188faeefa643f185825e - 2024-11-21T10:56:48.301Z
2024-11-21T10:56:48.648Z info: GET /detalles/6716188faeefa643f185825e - 2024-11-21T10:56:48.648Z
2024-11-21T10:56:48.850Z info: GET /api/ratings/6716188faeefa643f185825e - 2024-11-21T10:56:48.850Z
2024-11-21T10:56:49.439Z info: PUT /api/ratings/6716188faeefa643f185825e - 2024-11-21T10:56:49.439Z
2024-11-21T10:56:49.769Z info: GET /detalles/6716188faeefa643f185825e - 2024-11-21T10:56:49.769Z
2024-11-21T10:56:49.994Z info: GET /api/ratings/6716188faeefa643f185825e - 2024-11-21T10:56:49.994Z
2024-11-21T10:56:50.543Z info: PUT /api/ratings/6716188faeefa643f185825e - 2024-11-21T10:56:50.543Z
2024-11-21T10:56:50.858Z info: GET /detalles/6716188faeefa643f185825e - 2024-11-21T10:56:50.858Z
2024-11-21T10:56:51.070Z info: GET /api/ratings/6716188faeefa643f185825e - 2024-11-21T10:56:51.070Z
2024-11-21T10:56:51.660Z info: PUT /api/ratings/6716188faeefa643f185825e - 2024-11-21T10:56:51.660Z
2024-11-21T10:56:51.942Z info: GET /detalles/6716188faeefa643f185825e - 2024-11-21T10:56:51.942Z
2024-11-21T10:56:52.147Z info: GET /api/ratings/6716188faeefa643f185825e - 2024-11-21T10:56:52.146Z
2024-11-21T10:56:52.735Z info: PUT /api/ratings/6716188faeefa643f185825e - 2024-11-21T10:56:52.735Z
2024-11-21T10:56:52.965Z info: GET /detalles/6716188faeefa643f185825e - 2024-11-21T10:56:52.965Z
2024-11-21T10:56:53.161Z info: GET /api/ratings/6716188faeefa643f185825e - 2024-11-21T10:56:53.161Z
2024-11-21T10:56:53.664Z info: PUT /api/ratings/6716188faeefa643f185825e - 2024-11-21T10:56:53.664Z
2024-11-21T10:56:53.863Z info: GET /detalles/6716188faeefa643f185825e - 2024-11-21T10:56:53.863Z
2024-11-21T10:56:54.069Z info: GET /api/ratings/6716188faeefa643f185825e - 2024-11-21T10:56:54.069Z
2024-11-21T10:56:54.564Z info: PUT /api/ratings/6716188faeefa643f185825e - 2024-11-21T10:56:54.564Z
2024-11-21T10:56:54.765Z info: GET /detalles/6716188faeefa643f185825e - 2024-11-21T10:56:54.765Z
2024-11-21T10:56:54.976Z info: GET /api/ratings/6716188faeefa643f185825e - 2024-11-21T10:56:54.976Z
2024-11-21T10:56:55.476Z info: PUT /api/ratings/6716188faeefa643f185825e - 2024-11-21T10:56:55.476Z
2024-11-21T10:56:55.638Z info: GET /detalles/6716188faeefa643f185825e - 2024-11-21T10:56:55.638Z
2024-11-21T10:56:55.833Z info: GET /api/ratings/6716188faeefa643f185825e - 2024-11-21T10:56:55.833Z
2024-11-21T10:56:56.297Z info: PUT /api/ratings/6716188faeefa643f185825e - 2024-11-21T10:56:56.297Z
2024-11-21T10:56:56.453Z info: GET /detalles/6716188faeefa643f185825e - 2024-11-21T10:56:56.453Z
2024-11-21T10:56:56.664Z info: GET /api/ratings/6716188faeefa643f185825e - 2024-11-21T10:56:56.664Z
2024-11-21T10:56:56.996Z info: PUT /api/ratings/6716188faeefa643f185825e - 2024-11-21T10:56:56.996Z
2024-11-21T10:56:57.066Z info: GET /detalles/6716188faeefa643f185825e - 2024-11-21T10:56:57.066Z
2024-11-21T10:56:57.276Z info: GET /api/ratings/6716188faeefa643f185825e - 2024-11-21T10:56:57.276Z
2024-11-21T10:56:57.591Z info: PUT /api/ratings/6716188faeefa643f185825e - 2024-11-21T10:56:57.591Z
2024-11-21T10:56:57.635Z info: GET /detalles/6716188faeefa643f185825e - 2024-11-21T10:56:57.635Z
2024-11-21T10:56:57.842Z info: GET /api/ratings/6716188faeefa643f185825e - 2024-11-21T10:56:57.842Z
2024-11-21T10:56:58.178Z info: PUT /api/ratings/6716188faeefa643f185825e - 2024-11-21T10:56:58.178Z
2024-11-21T10:56:58.221Z info: GET /detalles/6716188faeefa643f185825e - 2024-11-21T10:56:58.221Z
2024-11-21T10:56:58.423Z info: GET /api/ratings/6716188faeefa643f185825e - 2024-11-21T10:56:58.423Z
2024-11-21T10:56:58.963Z info: PUT /api/ratings/6716188faeefa643f185825e - 2024-11-21T10:56:58.963Z
2024-11-21T10:57:01.755Z info: GET /detalles/6716188faeefa643f185825e - 2024-11-21T10:57:01.755Z
2024-11-21T10:57:01.956Z info: GET /api/ratings/6716188faeefa643f185825e - 2024-11-21T10:57:01.956Z
2024-11-21T10:57:03.005Z info: PUT /api/ratings/6716188faeefa643f185825e - 2024-11-21T10:57:03.005Z
2024-11-21T10:57:03.805Z info: GET /detalles/6716188faeefa643f185825e - 2024-11-21T10:57:03.805Z
2024-11-21T10:57:04.008Z info: GET /api/ratings/6716188faeefa643f185825e - 2024-11-21T10:57:04.008Z
2024-11-21T10:57:04.419Z info: PUT /api/ratings/6716188faeefa643f185825e - 2024-11-21T10:57:04.419Z
2024-11-21T10:57:04.727Z info: GET /detalles/6716188faeefa643f185825e - 2024-11-21T10:57:04.727Z
2024-11-21T10:57:04.932Z info: GET /api/ratings/6716188faeefa643f185825e - 2024-11-21T10:57:04.932Z
2024-11-21T10:57:05.792Z info: PUT /api/ratings/6716188faeefa643f185825e - 2024-11-21T10:57:05.792Z
2024-11-21T10:57:05.955Z info: GET /detalles/6716188faeefa643f185825e - 2024-11-21T10:57:05.955Z
2024-11-21T10:57:06.159Z info: GET /api/ratings/6716188faeefa643f185825e - 2024-11-21T10:57:06.159Z
2024-11-21T10:57:06.682Z info: PUT /api/ratings/6716188faeefa643f185825e - 2024-11-21T10:57:06.682Z
2024-11-21T10:57:06.806Z info: GET /detalles/6716188faeefa643f185825e - 2024-11-21T10:57:06.806Z
2024-11-21T10:57:07.014Z info: GET /api/ratings/6716188faeefa643f185825e - 2024-11-21T10:57:07.014Z
2024-11-21T10:57:07.596Z info: PUT /api/ratings/6716188faeefa643f185825e - 2024-11-21T10:57:07.596Z
2024-11-21T10:57:07.754Z info: GET /detalles/6716188faeefa643f185825e - 2024-11-21T10:57:07.754Z
2024-11-21T10:57:07.962Z info: GET /api/ratings/6716188faeefa643f185825e - 2024-11-21T10:57:07.962Z
2024-11-21T10:57:08.495Z info: PUT /api/ratings/6716188faeefa643f185825e - 2024-11-21T10:57:08.495Z
2024-11-21T10:57:08.736Z info: GET /detalles/6716188faeefa643f185825e - 2024-11-21T10:57:08.736Z
2024-11-21T10:57:08.947Z info: GET /api/ratings/6716188faeefa643f185825e - 2024-11-21T10:57:08.947Z
2024-11-21T10:57:09.648Z info: PUT /api/ratings/6716188faeefa643f185825e - 2024-11-21T10:57:09.648Z
2024-11-21T10:57:09.812Z info: GET /detalles/6716188faeefa643f185825e - 2024-11-21T10:57:09.812Z
2024-11-21T10:57:10.013Z info: GET /api/ratings/6716188faeefa643f185825e - 2024-11-21T10:57:10.013Z
2024-11-21T10:57:10.484Z info: PUT /api/ratings/6716188faeefa643f185825e - 2024-11-21T10:57:10.484Z
2024-11-21T10:57:10.646Z info: GET /detalles/6716188faeefa643f185825e - 2024-11-21T10:57:10.646Z
2024-11-21T10:57:10.851Z info: GET /api/ratings/6716188faeefa643f185825e - 2024-11-21T10:57:10.851Z
2024-11-21T10:57:11.416Z info: PUT /api/ratings/6716188faeefa643f185825e - 2024-11-21T10:57:11.416Z
2024-11-21T10:57:11.581Z info: GET /detalles/6716188faeefa643f185825e - 2024-11-21T10:57:11.581Z
2024-11-21T10:57:11.789Z info: GET /api/ratings/6716188faeefa643f185825e - 2024-11-21T10:57:11.789Z
2024-11-21T11:00:29.596Z info: GET /categoria/electronics - 2024-11-21T11:00:29.595Z
2024-11-21T11:00:29.830Z info: GET /api/ratings/6716188faeefa643f1858261 - 2024-11-21T11:00:29.830Z
2024-11-21T11:00:29.837Z info: GET /api/ratings/6716188faeefa643f1858262 - 2024-11-21T11:00:29.837Z
2024-11-21T11:00:29.839Z info: GET /api/ratings/6716188faeefa643f1858263 - 2024-11-21T11:00:29.839Z
2024-11-21T11:00:29.848Z info: GET /api/ratings/6716188faeefa643f1858264 - 2024-11-21T11:00:29.848Z
2024-11-21T11:00:29.863Z info: GET /api/ratings/6716188faeefa643f1858265 - 2024-11-21T11:00:29.863Z
2024-11-21T11:00:29.865Z info: GET /api/ratings/6716188faeefa643f1858266 - 2024-11-21T11:00:29.865Z
2024-11-21T11:00:31.516Z info: PUT /api/ratings/6716188faeefa643f1858261 - 2024-11-21T11:00:31.516Z
2024-11-21T11:00:32.858Z info: GET /detalles/6716188faeefa643f1858261 - 2024-11-21T11:00:32.858Z
2024-11-21T11:00:33.060Z info: GET /api/ratings/6716188faeefa643f1858261 - 2024-11-21T11:00:33.060Z
2024-11-21T11:00:35.025Z info: PUT /api/ratings/6716188faeefa643f1858261 - 2024-11-21T11:00:35.025Z
2024-11-21T11:05:55.799Z info: GET /categoria/electronics - 2024-11-21T11:05:55.799Z
2024-11-21T11:05:56.038Z info: GET /api/ratings/6716188faeefa643f1858261 - 2024-11-21T11:05:56.038Z
2024-11-21T11:05:56.041Z info: GET /api/ratings/6716188faeefa643f1858262 - 2024-11-21T11:05:56.041Z
2024-11-21T11:05:56.044Z info: GET /api/ratings/6716188faeefa643f1858263 - 2024-11-21T11:05:56.044Z
2024-11-21T11:05:56.051Z info: GET /api/ratings/6716188faeefa643f1858264 - 2024-11-21T11:05:56.051Z
2024-11-21T11:05:56.065Z info: GET /api/ratings/6716188faeefa643f1858265 - 2024-11-21T11:05:56.065Z
2024-11-21T11:05:56.068Z info: GET /api/ratings/6716188faeefa643f1858266 - 2024-11-21T11:05:56.068Z
2024-11-21T11:06:05.454Z info: GET /buscar?query=wd - 2024-11-21T11:06:05.452Z
2024-11-21T11:06:05.731Z info: GET /api/ratings/6716188faeefa643f1858261 - 2024-11-21T11:06:05.731Z
2024-11-21T11:06:05.746Z info: GET /api/ratings/6716188faeefa643f1858264 - 2024-11-21T11:06:05.746Z
2024-11-21T11:06:54.033Z info: PUT /api/ratings/6716188faeefa643f1858264 - 2024-11-21T11:06:54.033Z
2024-11-21T11:08:59.121Z info: GET /buscar?query=wd - 2024-11-21T11:08:59.119Z
2024-11-21T11:08:59.447Z info: GET /api/ratings/6716188faeefa643f1858261 - 2024-11-21T11:08:59.447Z
2024-11-21T11:08:59.455Z info: GET /api/ratings/6716188faeefa643f1858264 - 2024-11-21T11:08:59.455Z
2024-11-21T11:09:29.907Z info: GET /categoria/electronics - 2024-11-21T11:09:29.907Z
2024-11-21T11:09:30.120Z info: GET /api/ratings/6716188faeefa643f1858261 - 2024-11-21T11:09:30.120Z
2024-11-21T11:09:30.128Z info: GET /api/ratings/6716188faeefa643f1858262 - 2024-11-21T11:09:30.128Z
2024-11-21T11:09:30.132Z info: GET /api/ratings/6716188faeefa643f1858263 - 2024-11-21T11:09:30.132Z
2024-11-21T11:09:30.140Z info: GET /api/ratings/6716188faeefa643f1858264 - 2024-11-21T11:09:30.140Z
2024-11-21T11:09:30.150Z info: GET /api/ratings/6716188faeefa643f1858265 - 2024-11-21T11:09:30.149Z
2024-11-21T11:09:30.162Z info: GET /api/ratings/6716188faeefa643f1858266 - 2024-11-21T11:09:30.162Z
2024-11-21T11:09:38.722Z info: GET /categoria/electronics - 2024-11-21T11:09:38.722Z
2024-11-21T11:09:38.950Z info: GET /api/ratings/6716188faeefa643f1858261 - 2024-11-21T11:09:38.950Z
2024-11-21T11:09:38.957Z info: GET /api/ratings/6716188faeefa643f1858262 - 2024-11-21T11:09:38.957Z
2024-11-21T11:09:38.960Z info: GET /api/ratings/6716188faeefa643f1858263 - 2024-11-21T11:09:38.960Z
2024-11-21T11:09:38.965Z info: GET /api/ratings/6716188faeefa643f1858264 - 2024-11-21T11:09:38.965Z
2024-11-21T11:09:38.975Z info: GET /api/ratings/6716188faeefa643f1858265 - 2024-11-21T11:09:38.975Z
2024-11-21T11:09:38.984Z info: GET /api/ratings/6716188faeefa643f1858266 - 2024-11-21T11:09:38.984Z
2024-11-21T11:09:43.359Z info: GET /buscar?query=wd - 2024-11-21T11:09:43.359Z
2024-11-21T11:09:43.578Z info: GET /api/ratings/6716188faeefa643f1858261 - 2024-11-21T11:09:43.578Z
2024-11-21T11:09:43.580Z info: GET /api/ratings/6716188faeefa643f1858264 - 2024-11-21T11:09:43.580Z
2024-11-21T11:09:54.570Z info: GET /buscar?query=wd - 2024-11-21T11:09:54.570Z
2024-11-21T11:09:54.786Z info: GET /api/ratings/6716188faeefa643f1858261 - 2024-11-21T11:09:54.786Z
2024-11-21T11:09:54.791Z info: GET /api/ratings/6716188faeefa643f1858264 - 2024-11-21T11:09:54.791Z
2024-11-21T11:10:11.421Z info: GET /buscar?query=wd - 2024-11-21T11:10:11.421Z
2024-11-21T11:10:11.621Z info: GET /api/ratings/6716188faeefa643f1858261 - 2024-11-21T11:10:11.621Z
2024-11-21T11:10:11.625Z info: GET /api/ratings/6716188faeefa643f1858264 - 2024-11-21T11:10:11.625Z
2024-11-21T11:10:52.604Z info: GET /buscar?query=wd - 2024-11-21T11:10:52.604Z
2024-11-21T11:10:52.846Z info: GET /api/ratings/6716188faeefa643f1858261 - 2024-11-21T11:10:52.846Z
2024-11-21T11:10:52.854Z info: GET /api/ratings/6716188faeefa643f1858264 - 2024-11-21T11:10:52.854Z
2024-11-21T11:10:57.667Z info: GET /buscar?query=wd - 2024-11-21T11:10:57.666Z
2024-11-21T11:10:57.928Z info: GET /api/ratings/6716188faeefa643f1858261 - 2024-11-21T11:10:57.928Z
2024-11-21T11:10:57.947Z info: GET /api/ratings/6716188faeefa643f1858264 - 2024-11-21T11:10:57.947Z
2024-11-21T11:11:50.364Z info: GET /buscar?query=wd - 2024-11-21T11:11:50.364Z
2024-11-21T11:11:50.687Z info: GET /api/ratings/6716188faeefa643f1858261 - 2024-11-21T11:11:50.686Z
2024-11-21T11:11:50.696Z info: GET /api/ratings/6716188faeefa643f1858264 - 2024-11-21T11:11:50.696Z
2024-11-21T11:11:54.812Z info: GET /buscar?query=wd - 2024-11-21T11:11:54.811Z
2024-11-21T11:11:55.052Z info: GET /api/ratings/6716188faeefa643f1858261 - 2024-11-21T11:11:55.052Z
2024-11-21T11:11:55.064Z info: GET /api/ratings/6716188faeefa643f1858264 - 2024-11-21T11:11:55.064Z
2024-11-21T11:12:27.629Z info: GET /buscar?query=wd - 2024-11-21T11:12:27.628Z
2024-11-21T11:12:27.946Z info: GET /api/ratings/6716188faeefa643f1858261 - 2024-11-21T11:12:27.946Z
2024-11-21T11:12:27.965Z info: GET /api/ratings/6716188faeefa643f1858264 - 2024-11-21T11:12:27.965Z
2024-11-21T11:12:31.682Z info: GET /categoria/electronics - 2024-11-21T11:12:31.682Z
2024-11-21T11:12:32.035Z info: GET /api/ratings/6716188faeefa643f1858261 - 2024-11-21T11:12:32.035Z
2024-11-21T11:12:32.041Z info: GET /api/ratings/6716188faeefa643f1858262 - 2024-11-21T11:12:32.040Z
2024-11-21T11:12:32.047Z info: GET /api/ratings/6716188faeefa643f1858263 - 2024-11-21T11:12:32.047Z
2024-11-21T11:12:32.058Z info: GET /api/ratings/6716188faeefa643f1858264 - 2024-11-21T11:12:32.058Z
2024-11-21T11:12:32.068Z info: GET /api/ratings/6716188faeefa643f1858265 - 2024-11-21T11:12:32.068Z
2024-11-21T11:12:32.082Z info: GET /api/ratings/6716188faeefa643f1858266 - 2024-11-21T11:12:32.081Z
2024-11-21T11:12:58.402Z info: GET /categoria/electronics - 2024-11-21T11:12:58.402Z
2024-11-21T11:12:58.665Z info: GET /api/ratings/6716188faeefa643f1858261 - 2024-11-21T11:12:58.665Z
2024-11-21T11:12:58.675Z info: GET /api/ratings/6716188faeefa643f1858262 - 2024-11-21T11:12:58.675Z
2024-11-21T11:12:58.682Z info: GET /api/ratings/6716188faeefa643f1858263 - 2024-11-21T11:12:58.682Z
2024-11-21T11:12:58.691Z info: GET /api/ratings/6716188faeefa643f1858264 - 2024-11-21T11:12:58.690Z
2024-11-21T11:12:58.695Z info: GET /api/ratings/6716188faeefa643f1858265 - 2024-11-21T11:12:58.694Z
2024-11-21T11:12:58.710Z info: GET /api/ratings/6716188faeefa643f1858266 - 2024-11-21T11:12:58.710Z
2024-11-21T11:13:03.650Z info: GET /categoria/electronics - 2024-11-21T11:13:03.648Z
2024-11-21T11:13:03.990Z info: GET /api/ratings/6716188faeefa643f1858261 - 2024-11-21T11:13:03.990Z
2024-11-21T11:13:04.001Z info: GET /api/ratings/6716188faeefa643f1858262 - 2024-11-21T11:13:04.001Z
2024-11-21T11:13:04.004Z info: GET /api/ratings/6716188faeefa643f1858263 - 2024-11-21T11:13:04.004Z
2024-11-21T11:13:04.017Z info: GET /api/ratings/6716188faeefa643f1858265 - 2024-11-21T11:13:04.016Z
2024-11-21T11:13:04.024Z info: GET /api/ratings/6716188faeefa643f1858264 - 2024-11-21T11:13:04.024Z
2024-11-21T11:13:04.038Z info: GET /api/ratings/6716188faeefa643f1858266 - 2024-11-21T11:13:04.038Z
2024-11-21T11:13:17.490Z info: GET /categoria/electronics - 2024-11-21T11:13:17.490Z
2024-11-21T11:13:17.760Z info: GET /api/ratings/6716188faeefa643f1858261 - 2024-11-21T11:13:17.760Z
2024-11-21T11:13:17.778Z info: GET /api/ratings/6716188faeefa643f1858262 - 2024-11-21T11:13:17.778Z
2024-11-21T11:13:17.783Z info: GET /api/ratings/6716188faeefa643f1858263 - 2024-11-21T11:13:17.783Z
2024-11-21T11:13:17.802Z info: GET /api/ratings/6716188faeefa643f1858264 - 2024-11-21T11:13:17.802Z
2024-11-21T11:13:17.808Z info: GET /api/ratings/6716188faeefa643f1858265 - 2024-11-21T11:13:17.807Z
2024-11-21T11:13:17.811Z info: GET /api/ratings/6716188faeefa643f1858266 - 2024-11-21T11:13:17.811Z
2024-11-21T11:13:20.248Z info: GET /categoria/electronics - 2024-11-21T11:13:20.248Z
2024-11-21T11:13:20.453Z info: GET /api/ratings/6716188faeefa643f1858261 - 2024-11-21T11:13:20.453Z
2024-11-21T11:13:20.459Z info: GET /api/ratings/6716188faeefa643f1858262 - 2024-11-21T11:13:20.459Z
2024-11-21T11:13:20.461Z info: GET /api/ratings/6716188faeefa643f1858263 - 2024-11-21T11:13:20.461Z
2024-11-21T11:13:20.462Z info: GET /api/ratings/6716188faeefa643f1858264 - 2024-11-21T11:13:20.462Z
2024-11-21T11:13:20.464Z info: GET /api/ratings/6716188faeefa643f1858265 - 2024-11-21T11:13:20.464Z
2024-11-21T11:13:20.473Z info: GET /api/ratings/6716188faeefa643f1858266 - 2024-11-21T11:13:20.473Z
2024-11-21T11:13:26.113Z info: GET /categoria/electronics - 2024-11-21T11:13:26.112Z
2024-11-21T11:13:26.510Z info: GET /api/ratings/6716188faeefa643f1858261 - 2024-11-21T11:13:26.510Z
2024-11-21T11:13:26.530Z info: GET /api/ratings/6716188faeefa643f1858262 - 2024-11-21T11:13:26.530Z
2024-11-21T11:13:26.536Z info: GET /api/ratings/6716188faeefa643f1858263 - 2024-11-21T11:13:26.535Z
2024-11-21T11:13:26.554Z info: GET /api/ratings/6716188faeefa643f1858264 - 2024-11-21T11:13:26.554Z
2024-11-21T11:13:26.559Z info: GET /api/ratings/6716188faeefa643f1858265 - 2024-11-21T11:13:26.559Z
2024-11-21T11:13:26.576Z info: GET /api/ratings/6716188faeefa643f1858266 - 2024-11-21T11:13:26.576Z
2024-11-21T11:13:30.607Z info: GET /categoria/electronics - 2024-11-21T11:13:30.606Z
2024-11-21T11:13:30.979Z info: GET /api/ratings/6716188faeefa643f1858261 - 2024-11-21T11:13:30.979Z
2024-11-21T11:13:30.998Z info: GET /api/ratings/6716188faeefa643f1858263 - 2024-11-21T11:13:30.998Z
2024-11-21T11:13:31.003Z info: GET /api/ratings/6716188faeefa643f1858262 - 2024-11-21T11:13:31.003Z
2024-11-21T11:13:31.012Z info: GET /api/ratings/6716188faeefa643f1858264 - 2024-11-21T11:13:31.012Z
2024-11-21T11:13:31.025Z info: GET /api/ratings/6716188faeefa643f1858265 - 2024-11-21T11:13:31.025Z
2024-11-21T11:13:31.036Z info: GET /api/ratings/6716188faeefa643f1858266 - 2024-11-21T11:13:31.036Z
2024-11-21T11:13:54.394Z info: GET /detalles/6716188faeefa643f1858262 - 2024-11-21T11:13:54.394Z
2024-11-21T11:13:54.658Z info: GET /api/ratings/6716188faeefa643f1858262 - 2024-11-21T11:13:54.658Z
2024-11-21T11:14:10.954Z info: PUT /api/ratings/6716188faeefa643f1858262 - 2024-11-21T11:14:10.954Z
2024-11-21T11:20:07.394Z info: GET /detalles/6716188faeefa643f1858262 - 2024-11-21T11:20:07.393Z
2024-11-21T11:20:07.648Z info: GET /api/ratings/6716188faeefa643f1858262 - 2024-11-21T11:20:07.648Z
2024-11-21T11:20:15.794Z info: GET /detalles/6716188faeefa643f1858261 - 2024-11-21T11:20:15.794Z
2024-11-21T11:20:16.007Z info: GET /api/ratings/6716188faeefa643f1858261 - 2024-11-21T11:20:16.006Z
2024-11-21T11:20:37.103Z info: GET /detalles/6716188faeefa643f1858261 - 2024-11-21T11:20:37.101Z
2024-11-21T11:20:37.343Z info: GET /api/ratings/6716188faeefa643f1858261 - 2024-11-21T11:20:37.343Z
2024-11-21T11:20:38.565Z info: PUT /api/ratings/6716188faeefa643f1858261 - 2024-11-21T11:20:38.565Z
2024-11-21T11:20:44.533Z info: GET /categoria/electronics - 2024-11-21T11:20:44.533Z
2024-11-21T11:20:44.754Z info: GET /api/ratings/6716188faeefa643f1858261 - 2024-11-21T11:20:44.754Z
2024-11-21T11:20:44.767Z info: GET /api/ratings/6716188faeefa643f1858262 - 2024-11-21T11:20:44.767Z
2024-11-21T11:20:44.776Z info: GET /api/ratings/6716188faeefa643f1858263 - 2024-11-21T11:20:44.776Z
2024-11-21T11:20:44.780Z info: GET /api/ratings/6716188faeefa643f1858264 - 2024-11-21T11:20:44.779Z
2024-11-21T11:20:44.790Z info: GET /api/ratings/6716188faeefa643f1858265 - 2024-11-21T11:20:44.790Z
2024-11-21T11:20:44.798Z info: GET /api/ratings/6716188faeefa643f1858266 - 2024-11-21T11:20:44.798Z
